{"/Users/joshuacilliers/Documents/2026/University/IMY772/IMY772/backend/lib/sample-field-parser.js": {"path":"/Users/joshuacilliers/Documents/2026/University/IMY772/IMY772/backend/lib/sample-field-parser.js","statementMap":{"0":{"start":{"line":8,"column":22},"end":{"line":20,"column":1}},"1":{"start":{"line":22,"column":24},"end":{"line":22,"column":25}},"2":{"start":{"line":24,"column":26},"end":{"line":24,"column":58}},"3":{"start":{"line":24,"column":48},"end":{"line":24,"column":57}},"4":{"start":{"line":28,"column":18},"end":{"line":28,"column":80}},"5":{"start":{"line":28,"column":25},"end":{"line":28,"column":80}},"6":{"start":{"line":36,"column":4},"end":{"line":36,"column":46}},"7":{"start":{"line":36,"column":38},"end":{"line":36,"column":46}},"8":{"start":{"line":37,"column":4},"end":{"line":37,"column":45}},"9":{"start":{"line":37,"column":37},"end":{"line":37,"column":45}},"10":{"start":{"line":38,"column":4},"end":{"line":38,"column":39}},"11":{"start":{"line":38,"column":31},"end":{"line":38,"column":39}},"12":{"start":{"line":39,"column":4},"end":{"line":39,"column":91}},"13":{"start":{"line":39,"column":80},"end":{"line":39,"column":91}},"14":{"start":{"line":40,"column":16},"end":{"line":40,"column":105}},"15":{"start":{"line":41,"column":4},"end":{"line":41,"column":32}},"16":{"start":{"line":47,"column":18},"end":{"line":47,"column":73}},"17":{"start":{"line":48,"column":4},"end":{"line":48,"column":27}},"18":{"start":{"line":48,"column":16},"end":{"line":48,"column":27}},"19":{"start":{"line":49,"column":18},"end":{"line":49,"column":38}},"20":{"start":{"line":50,"column":4},"end":{"line":50,"column":44}},"21":{"start":{"line":50,"column":33},"end":{"line":50,"column":44}},"22":{"start":{"line":51,"column":4},"end":{"line":51,"column":68}},"23":{"start":{"line":51,"column":57},"end":{"line":51,"column":68}},"24":{"start":{"line":52,"column":4},"end":{"line":52,"column":16}},"25":{"start":{"line":55,"column":15},"end":{"line":55,"column":99}},"26":{"start":{"line":58,"column":16},"end":{"line":58,"column":35}},"27":{"start":{"line":59,"column":16},"end":{"line":59,"column":49}},"28":{"start":{"line":59,"column":23},"end":{"line":59,"column":49}},"29":{"start":{"line":62,"column":12},"end":{"line":62,"column":60}},"30":{"start":{"line":63,"column":4},"end":{"line":66,"column":5}},"31":{"start":{"line":64,"column":29},"end":{"line":64,"column":30}},"32":{"start":{"line":65,"column":8},"end":{"line":65,"column":92}},"33":{"start":{"line":65,"column":58},"end":{"line":65,"column":92}},"34":{"start":{"line":69,"column":4},"end":{"line":69,"column":56}},"35":{"start":{"line":70,"column":4},"end":{"line":73,"column":5}},"36":{"start":{"line":71,"column":29},"end":{"line":71,"column":30}},"37":{"start":{"line":72,"column":8},"end":{"line":72,"column":92}},"38":{"start":{"line":72,"column":58},"end":{"line":72,"column":92}},"39":{"start":{"line":76,"column":18},"end":{"line":76,"column":35}},"40":{"start":{"line":77,"column":21},"end":{"line":77,"column":67}},"41":{"start":{"line":77,"column":47},"end":{"line":77,"column":66}},"42":{"start":{"line":78,"column":4},"end":{"line":82,"column":5}},"43":{"start":{"line":79,"column":20},"end":{"line":79,"column":48}},"44":{"start":{"line":80,"column":21},"end":{"line":80,"column":47}},"45":{"start":{"line":81,"column":8},"end":{"line":81,"column":80}},"46":{"start":{"line":81,"column":25},"end":{"line":81,"column":80}},"47":{"start":{"line":84,"column":4},"end":{"line":84,"column":15}},"48":{"start":{"line":88,"column":14},"end":{"line":88,"column":29}},"49":{"start":{"line":89,"column":4},"end":{"line":89,"column":48}},"50":{"start":{"line":89,"column":28},"end":{"line":89,"column":48}},"51":{"start":{"line":90,"column":4},"end":{"line":90,"column":68}},"52":{"start":{"line":90,"column":56},"end":{"line":90,"column":68}},"53":{"start":{"line":91,"column":4},"end":{"line":91,"column":15}},"54":{"start":{"line":95,"column":4},"end":{"line":95,"column":63}},"55":{"start":{"line":95,"column":52},"end":{"line":95,"column":63}},"56":{"start":{"line":96,"column":4},"end":{"line":107,"column":5}},"57":{"start":{"line":98,"column":12},"end":{"line":98,"column":50}},"58":{"start":{"line":100,"column":12},"end":{"line":100,"column":35}},"59":{"start":{"line":102,"column":12},"end":{"line":102,"column":39}},"60":{"start":{"line":104,"column":12},"end":{"line":104,"column":46}},"61":{"start":{"line":106,"column":12},"end":{"line":106,"column":23}},"62":{"start":{"line":112,"column":16},"end":{"line":112,"column":50}},"63":{"start":{"line":112,"column":23},"end":{"line":112,"column":50}},"64":{"start":{"line":113,"column":19},"end":{"line":113,"column":57}},"65":{"start":{"line":113,"column":26},"end":{"line":113,"column":57}},"66":{"start":{"line":120,"column":18},"end":{"line":122,"column":48}},"67":{"start":{"line":121,"column":23},"end":{"line":121,"column":66}},"68":{"start":{"line":122,"column":24},"end":{"line":122,"column":47}},"69":{"start":{"line":124,"column":4},"end":{"line":124,"column":37}},"70":{"start":{"line":124,"column":28},"end":{"line":124,"column":37}},"71":{"start":{"line":126,"column":20},"end":{"line":126,"column":63}},"72":{"start":{"line":126,"column":57},"end":{"line":126,"column":62}},"73":{"start":{"line":127,"column":25},"end":{"line":127,"column":70}},"74":{"start":{"line":128,"column":22},"end":{"line":128,"column":40}},"75":{"start":{"line":130,"column":17},"end":{"line":130,"column":19}},"76":{"start":{"line":131,"column":18},"end":{"line":131,"column":28}},"77":{"start":{"line":132,"column":20},"end":{"line":132,"column":37}},"78":{"start":{"line":134,"column":4},"end":{"line":144,"column":5}},"79":{"start":{"line":134,"column":17},"end":{"line":134,"column":18}},"80":{"start":{"line":135,"column":18},"end":{"line":135,"column":26}},"81":{"start":{"line":136,"column":8},"end":{"line":143,"column":9}},"82":{"start":{"line":137,"column":12},"end":{"line":137,"column":27}},"83":{"start":{"line":138,"column":12},"end":{"line":138,"column":88}},"84":{"start":{"line":138,"column":51},"end":{"line":138,"column":67}},"85":{"start":{"line":140,"column":12},"end":{"line":140,"column":68}},"86":{"start":{"line":140,"column":45},"end":{"line":140,"column":66}},"87":{"start":{"line":141,"column":12},"end":{"line":141,"column":25}},"88":{"start":{"line":142,"column":12},"end":{"line":142,"column":34}},"89":{"start":{"line":145,"column":4},"end":{"line":145,"column":60}},"90":{"start":{"line":145,"column":37},"end":{"line":145,"column":58}},"91":{"start":{"line":146,"column":4},"end":{"line":146,"column":15}},"92":{"start":{"line":156,"column":15},"end":{"line":156,"column":19}},"93":{"start":{"line":157,"column":23},"end":{"line":157,"column":51}},"94":{"start":{"line":159,"column":4},"end":{"line":185,"column":6}},"95":{"start":{"line":160,"column":8},"end":{"line":184,"column":9}},"96":{"start":{"line":160,"column":21},"end":{"line":160,"column":22}},"97":{"start":{"line":161,"column":12},"end":{"line":183,"column":13}},"98":{"start":{"line":161,"column":27},"end":{"line":161,"column":28}},"99":{"start":{"line":162,"column":29},"end":{"line":162,"column":50}},"100":{"start":{"line":163,"column":38},"end":{"line":163,"column":81}},"101":{"start":{"line":163,"column":64},"end":{"line":163,"column":70}},"102":{"start":{"line":164,"column":16},"end":{"line":182,"column":17}},"103":{"start":{"line":165,"column":34},"end":{"line":165,"column":70}},"104":{"start":{"line":166,"column":20},"end":{"line":181,"column":21}},"105":{"start":{"line":172,"column":24},"end":{"line":180,"column":25}},"106":{"start":{"line":187,"column":4},"end":{"line":187,"column":15}},"107":{"start":{"line":190,"column":24},"end":{"line":191,"column":85}},"108":{"start":{"line":191,"column":4},"end":{"line":191,"column":85}},"109":{"start":{"line":191,"column":60},"end":{"line":191,"column":77}},"110":{"start":{"line":195,"column":4},"end":{"line":195,"column":32}},"111":{"start":{"line":195,"column":23},"end":{"line":195,"column":32}},"112":{"start":{"line":196,"column":17},"end":{"line":196,"column":27}},"113":{"start":{"line":197,"column":4},"end":{"line":202,"column":5}},"114":{"start":{"line":197,"column":17},"end":{"line":197,"column":18}},"115":{"start":{"line":198,"column":20},"end":{"line":198,"column":59}},"116":{"start":{"line":199,"column":18},"end":{"line":199,"column":69}},"117":{"start":{"line":200,"column":8},"end":{"line":200,"column":32}},"118":{"start":{"line":200,"column":27},"end":{"line":200,"column":32}},"119":{"start":{"line":201,"column":8},"end":{"line":201,"column":27}},"120":{"start":{"line":203,"column":4},"end":{"line":203,"column":15}},"121":{"start":{"line":213,"column":14},"end":{"line":213,"column":29}},"122":{"start":{"line":214,"column":4},"end":{"line":214,"column":24}},"123":{"start":{"line":214,"column":12},"end":{"line":214,"column":24}},"124":{"start":{"line":215,"column":4},"end":{"line":219,"column":6}},"125":{"start":{"line":216,"column":19},"end":{"line":216,"column":31}},"126":{"start":{"line":217,"column":8},"end":{"line":217,"column":42}},"127":{"start":{"line":217,"column":27},"end":{"line":217,"column":42}},"128":{"start":{"line":218,"column":8},"end":{"line":218,"column":72}},"129":{"start":{"line":228,"column":23},"end":{"line":228,"column":25}},"130":{"start":{"line":229,"column":21},"end":{"line":229,"column":39}},"131":{"start":{"line":233,"column":21},"end":{"line":233,"column":53}},"132":{"start":{"line":234,"column":25},"end":{"line":236,"column":18}},"133":{"start":{"line":235,"column":20},"end":{"line":235,"column":26}},"134":{"start":{"line":237,"column":4},"end":{"line":239,"column":5}},"135":{"start":{"line":238,"column":8},"end":{"line":238,"column":33}},"136":{"start":{"line":245,"column":4},"end":{"line":251,"column":5}},"137":{"start":{"line":245,"column":17},"end":{"line":245,"column":33}},"138":{"start":{"line":246,"column":22},"end":{"line":246,"column":91}},"139":{"start":{"line":246,"column":44},"end":{"line":246,"column":90}},"140":{"start":{"line":247,"column":8},"end":{"line":250,"column":9}},"141":{"start":{"line":248,"column":12},"end":{"line":248,"column":34}},"142":{"start":{"line":249,"column":12},"end":{"line":249,"column":17}},"143":{"start":{"line":253,"column":4},"end":{"line":253,"column":21}},"144":{"start":{"line":263,"column":4},"end":{"line":263,"column":58}},"145":{"start":{"line":267,"column":19},"end":{"line":267,"column":21}},"146":{"start":{"line":268,"column":23},"end":{"line":268,"column":25}},"147":{"start":{"line":270,"column":4},"end":{"line":283,"column":5}},"148":{"start":{"line":271,"column":22},"end":{"line":271,"column":44}},"149":{"start":{"line":272,"column":8},"end":{"line":272,"column":28}},"150":{"start":{"line":272,"column":20},"end":{"line":272,"column":28}},"151":{"start":{"line":274,"column":8},"end":{"line":282,"column":9}},"152":{"start":{"line":275,"column":25},"end":{"line":275,"column":70}},"153":{"start":{"line":275,"column":46},"end":{"line":275,"column":52}},"154":{"start":{"line":276,"column":26},"end":{"line":276,"column":50}},"155":{"start":{"line":277,"column":12},"end":{"line":281,"column":13}},"156":{"start":{"line":278,"column":16},"end":{"line":278,"column":41}},"157":{"start":{"line":279,"column":16},"end":{"line":279,"column":66}},"158":{"start":{"line":280,"column":16},"end":{"line":280,"column":21}},"159":{"start":{"line":285,"column":4},"end":{"line":285,"column":33}},"160":{"start":{"line":293,"column":28},"end":{"line":298,"column":1}},"161":{"start":{"line":300,"column":20},"end":{"line":303,"column":1}},"162":{"start":{"line":305,"column":25},"end":{"line":305,"column":82}},"163":{"start":{"line":306,"column":31},"end":{"line":306,"column":63}},"164":{"start":{"line":310,"column":29},"end":{"line":317,"column":1}},"165":{"start":{"line":319,"column":16},"end":{"line":319,"column":50}},"166":{"start":{"line":319,"column":23},"end":{"line":319,"column":50}},"167":{"start":{"line":328,"column":4},"end":{"line":328,"column":46}},"168":{"start":{"line":328,"column":38},"end":{"line":328,"column":46}},"169":{"start":{"line":329,"column":4},"end":{"line":329,"column":45}},"170":{"start":{"line":329,"column":37},"end":{"line":329,"column":45}},"171":{"start":{"line":330,"column":4},"end":{"line":330,"column":78}},"172":{"start":{"line":330,"column":68},"end":{"line":330,"column":78}},"173":{"start":{"line":331,"column":4},"end":{"line":331,"column":12}},"174":{"start":{"line":340,"column":23},"end":{"line":340,"column":45}},"175":{"start":{"line":341,"column":15},"end":{"line":341,"column":19}},"176":{"start":{"line":342,"column":4},"end":{"line":363,"column":5}},"177":{"start":{"line":342,"column":17},"end":{"line":342,"column":18}},"178":{"start":{"line":343,"column":8},"end":{"line":362,"column":9}},"179":{"start":{"line":343,"column":23},"end":{"line":343,"column":24}},"180":{"start":{"line":344,"column":25},"end":{"line":344,"column":46}},"181":{"start":{"line":345,"column":25},"end":{"line":345,"column":68}},"182":{"start":{"line":345,"column":51},"end":{"line":345,"column":57}},"183":{"start":{"line":346,"column":12},"end":{"line":361,"column":13}},"184":{"start":{"line":347,"column":30},"end":{"line":347,"column":57}},"185":{"start":{"line":348,"column":16},"end":{"line":360,"column":17}},"186":{"start":{"line":354,"column":20},"end":{"line":359,"column":21}},"187":{"start":{"line":364,"column":4},"end":{"line":364,"column":15}},"188":{"start":{"line":367,"column":22},"end":{"line":370,"column":1}},"189":{"start":{"line":368,"column":14},"end":{"line":368,"column":42}},"190":{"start":{"line":369,"column":4},"end":{"line":369,"column":32}},"191":{"start":{"line":374,"column":15},"end":{"line":374,"column":19}},"192":{"start":{"line":375,"column":4},"end":{"line":384,"column":6}},"193":{"start":{"line":376,"column":24},"end":{"line":376,"column":26}},"194":{"start":{"line":377,"column":8},"end":{"line":380,"column":9}},"195":{"start":{"line":378,"column":22},"end":{"line":378,"column":54}},"196":{"start":{"line":379,"column":12},"end":{"line":379,"column":85}},"197":{"start":{"line":379,"column":37},"end":{"line":379,"column":85}},"198":{"start":{"line":381,"column":8},"end":{"line":383,"column":9}},"199":{"start":{"line":382,"column":12},"end":{"line":382,"column":38}},"200":{"start":{"line":385,"column":4},"end":{"line":385,"column":15}},"201":{"start":{"line":394,"column":19},"end":{"line":394,"column":47}},"202":{"start":{"line":395,"column":4},"end":{"line":395,"column":26}},"203":{"start":{"line":395,"column":17},"end":{"line":395,"column":26}},"204":{"start":{"line":397,"column":20},"end":{"line":397,"column":34}},"205":{"start":{"line":398,"column":20},"end":{"line":398,"column":22}},"206":{"start":{"line":400,"column":4},"end":{"line":434,"column":5}},"207":{"start":{"line":400,"column":17},"end":{"line":400,"column":34}},"208":{"start":{"line":401,"column":8},"end":{"line":401,"column":69}},"209":{"start":{"line":401,"column":64},"end":{"line":401,"column":69}},"210":{"start":{"line":403,"column":24},"end":{"line":403,"column":26}},"211":{"start":{"line":404,"column":8},"end":{"line":416,"column":9}},"212":{"start":{"line":405,"column":23},"end":{"line":405,"column":33}},"213":{"start":{"line":406,"column":26},"end":{"line":406,"column":30}},"214":{"start":{"line":407,"column":30},"end":{"line":407,"column":38}},"215":{"start":{"line":408,"column":12},"end":{"line":414,"column":13}},"216":{"start":{"line":409,"column":26},"end":{"line":409,"column":49}},"217":{"start":{"line":410,"column":16},"end":{"line":413,"column":17}},"218":{"start":{"line":411,"column":20},"end":{"line":411,"column":35}},"219":{"start":{"line":412,"column":20},"end":{"line":412,"column":35}},"220":{"start":{"line":415,"column":12},"end":{"line":415,"column":63}},"221":{"start":{"line":415,"column":25},"end":{"line":415,"column":63}},"222":{"start":{"line":418,"column":23},"end":{"line":418,"column":25}},"223":{"start":{"line":419,"column":18},"end":{"line":419,"column":23}},"224":{"start":{"line":420,"column":8},"end":{"line":426,"column":9}},"225":{"start":{"line":421,"column":26},"end":{"line":421,"column":65}},"226":{"start":{"line":422,"column":12},"end":{"line":425,"column":13}},"227":{"start":{"line":423,"column":16},"end":{"line":423,"column":37}},"228":{"start":{"line":424,"column":16},"end":{"line":424,"column":26}},"229":{"start":{"line":427,"column":8},"end":{"line":427,"column":23}},"230":{"start":{"line":427,"column":18},"end":{"line":427,"column":23}},"231":{"start":{"line":429,"column":8},"end":{"line":432,"column":9}},"232":{"start":{"line":430,"column":22},"end":{"line":430,"column":83}},"233":{"start":{"line":431,"column":12},"end":{"line":431,"column":56}},"234":{"start":{"line":431,"column":36},"end":{"line":431,"column":56}},"235":{"start":{"line":433,"column":8},"end":{"line":433,"column":28}},"236":{"start":{"line":436,"column":4},"end":{"line":436,"column":18}},"237":{"start":{"line":439,"column":19},"end":{"line":445,"column":6}},"238":{"start":{"line":440,"column":4},"end":{"line":445,"column":6}},"239":{"start":{"line":443,"column":24},"end":{"line":443,"column":32}},"240":{"start":{"line":444,"column":27},"end":{"line":444,"column":92}},"241":{"start":{"line":453,"column":14},"end":{"line":453,"column":18}},"242":{"start":{"line":454,"column":4},"end":{"line":457,"column":5}},"243":{"start":{"line":454,"column":17},"end":{"line":454,"column":18}},"244":{"start":{"line":455,"column":18},"end":{"line":455,"column":57}},"245":{"start":{"line":456,"column":8},"end":{"line":456,"column":78}},"246":{"start":{"line":456,"column":33},"end":{"line":456,"column":78}},"247":{"start":{"line":458,"column":4},"end":{"line":458,"column":23}},"248":{"start":{"line":458,"column":14},"end":{"line":458,"column":23}},"249":{"start":{"line":460,"column":19},"end":{"line":460,"column":76}},"250":{"start":{"line":460,"column":69},"end":{"line":460,"column":75}},"251":{"start":{"line":461,"column":4},"end":{"line":464,"column":5}},"252":{"start":{"line":461,"column":17},"end":{"line":461,"column":31}},"253":{"start":{"line":462,"column":8},"end":{"line":462,"column":63}},"254":{"start":{"line":462,"column":58},"end":{"line":462,"column":63}},"255":{"start":{"line":463,"column":8},"end":{"line":463,"column":50}},"256":{"start":{"line":463,"column":42},"end":{"line":463,"column":48}},"257":{"start":{"line":466,"column":4},"end":{"line":466,"column":39}},"258":{"start":{"line":476,"column":17},"end":{"line":476,"column":41}},"259":{"start":{"line":477,"column":35},"end":{"line":477,"column":62}},"260":{"start":{"line":479,"column":4},"end":{"line":486,"column":5}},"261":{"start":{"line":495,"column":33},"end":{"line":495,"column":34}},"262":{"start":{"line":498,"column":15},"end":{"line":498,"column":19}},"263":{"start":{"line":499,"column":4},"end":{"line":515,"column":6}},"264":{"start":{"line":500,"column":24},"end":{"line":500,"column":26}},"265":{"start":{"line":501,"column":21},"end":{"line":501,"column":30}},"266":{"start":{"line":502,"column":8},"end":{"line":508,"column":9}},"267":{"start":{"line":503,"column":22},"end":{"line":503,"column":56}},"268":{"start":{"line":504,"column":12},"end":{"line":507,"column":13}},"269":{"start":{"line":505,"column":16},"end":{"line":505,"column":35}},"270":{"start":{"line":506,"column":16},"end":{"line":506,"column":73}},"271":{"start":{"line":509,"column":8},"end":{"line":514,"column":9}},"272":{"start":{"line":513,"column":12},"end":{"line":513,"column":38}},"273":{"start":{"line":516,"column":4},"end":{"line":516,"column":15}},"274":{"start":{"line":525,"column":17},"end":{"line":525,"column":41}},"275":{"start":{"line":526,"column":19},"end":{"line":526,"column":44}},"276":{"start":{"line":527,"column":4},"end":{"line":527,"column":26}},"277":{"start":{"line":527,"column":17},"end":{"line":527,"column":26}},"278":{"start":{"line":529,"column":20},"end":{"line":529,"column":22}},"279":{"start":{"line":530,"column":4},"end":{"line":559,"column":5}},"280":{"start":{"line":530,"column":17},"end":{"line":530,"column":34}},"281":{"start":{"line":531,"column":24},"end":{"line":531,"column":26}},"282":{"start":{"line":532,"column":8},"end":{"line":544,"column":9}},"283":{"start":{"line":533,"column":23},"end":{"line":533,"column":33}},"284":{"start":{"line":534,"column":26},"end":{"line":534,"column":30}},"285":{"start":{"line":535,"column":30},"end":{"line":535,"column":38}},"286":{"start":{"line":536,"column":12},"end":{"line":542,"column":13}},"287":{"start":{"line":537,"column":26},"end":{"line":537,"column":49}},"288":{"start":{"line":538,"column":16},"end":{"line":541,"column":17}},"289":{"start":{"line":539,"column":20},"end":{"line":539,"column":35}},"290":{"start":{"line":540,"column":20},"end":{"line":540,"column":31}},"291":{"start":{"line":543,"column":12},"end":{"line":543,"column":67}},"292":{"start":{"line":543,"column":25},"end":{"line":543,"column":67}},"293":{"start":{"line":546,"column":23},"end":{"line":546,"column":25}},"294":{"start":{"line":547,"column":8},"end":{"line":554,"column":9}},"295":{"start":{"line":548,"column":25},"end":{"line":548,"column":64}},"296":{"start":{"line":549,"column":12},"end":{"line":549,"column":31}},"297":{"start":{"line":549,"column":23},"end":{"line":549,"column":31}},"298":{"start":{"line":550,"column":26},"end":{"line":550,"column":52}},"299":{"start":{"line":551,"column":12},"end":{"line":553,"column":13}},"300":{"start":{"line":552,"column":16},"end":{"line":552,"column":37}},"301":{"start":{"line":556,"column":8},"end":{"line":558,"column":9}},"302":{"start":{"line":557,"column":12},"end":{"line":557,"column":32}},"303":{"start":{"line":561,"column":4},"end":{"line":561,"column":18}}},"fnMap":{"0":{"name":"(anonymous_0)","decl":{"start":{"line":24,"column":41},"end":{"line":24,"column":42}},"loc":{"start":{"line":24,"column":48},"end":{"line":24,"column":57}},"line":24},"1":{"name":"(anonymous_1)","decl":{"start":{"line":28,"column":18},"end":{"line":28,"column":19}},"loc":{"start":{"line":28,"column":25},"end":{"line":28,"column":80}},"line":28},"2":{"name":"aliasScore","decl":{"start":{"line":35,"column":9},"end":{"line":35,"column":19}},"loc":{"start":{"line":35,"column":46},"end":{"line":42,"column":1}},"line":35},"3":{"name":"coerceNumber","decl":{"start":{"line":46,"column":9},"end":{"line":46,"column":21}},"loc":{"start":{"line":46,"column":35},"end":{"line":53,"column":1}},"line":46},"4":{"name":"coerceDate","decl":{"start":{"line":57,"column":9},"end":{"line":57,"column":19}},"loc":{"start":{"line":57,"column":26},"end":{"line":85,"column":1}},"line":57},"5":{"name":"(anonymous_5)","decl":{"start":{"line":59,"column":16},"end":{"line":59,"column":17}},"loc":{"start":{"line":59,"column":23},"end":{"line":59,"column":49}},"line":59},"6":{"name":"(anonymous_6)","decl":{"start":{"line":77,"column":38},"end":{"line":77,"column":39}},"loc":{"start":{"line":77,"column":47},"end":{"line":77,"column":66}},"line":77},"7":{"name":"coerceAnalysis","decl":{"start":{"line":87,"column":9},"end":{"line":87,"column":23}},"loc":{"start":{"line":87,"column":30},"end":{"line":92,"column":1}},"line":87},"8":{"name":"coerceValue","decl":{"start":{"line":94,"column":9},"end":{"line":94,"column":20}},"loc":{"start":{"line":94,"column":34},"end":{"line":108,"column":1}},"line":94},"9":{"name":"(anonymous_9)","decl":{"start":{"line":112,"column":16},"end":{"line":112,"column":17}},"loc":{"start":{"line":112,"column":23},"end":{"line":112,"column":50}},"line":112},"10":{"name":"(anonymous_10)","decl":{"start":{"line":113,"column":19},"end":{"line":113,"column":20}},"loc":{"start":{"line":113,"column":26},"end":{"line":113,"column":57}},"line":113},"11":{"name":"clusterRows","decl":{"start":{"line":119,"column":9},"end":{"line":119,"column":20}},"loc":{"start":{"line":119,"column":28},"end":{"line":147,"column":1}},"line":119},"12":{"name":"(anonymous_12)","decl":{"start":{"line":121,"column":16},"end":{"line":121,"column":17}},"loc":{"start":{"line":121,"column":23},"end":{"line":121,"column":66}},"line":121},"13":{"name":"(anonymous_13)","decl":{"start":{"line":122,"column":14},"end":{"line":122,"column":15}},"loc":{"start":{"line":122,"column":24},"end":{"line":122,"column":47}},"line":122},"14":{"name":"(anonymous_14)","decl":{"start":{"line":126,"column":47},"end":{"line":126,"column":48}},"loc":{"start":{"line":126,"column":57},"end":{"line":126,"column":62}},"line":126},"15":{"name":"(anonymous_15)","decl":{"start":{"line":138,"column":39},"end":{"line":138,"column":40}},"loc":{"start":{"line":138,"column":51},"end":{"line":138,"column":67}},"line":138},"16":{"name":"(anonymous_16)","decl":{"start":{"line":140,"column":35},"end":{"line":140,"column":36}},"loc":{"start":{"line":140,"column":45},"end":{"line":140,"column":66}},"line":140},"17":{"name":"(anonymous_17)","decl":{"start":{"line":145,"column":27},"end":{"line":145,"column":28}},"loc":{"start":{"line":145,"column":37},"end":{"line":145,"column":58}},"line":145},"18":{"name":"findLabel","decl":{"start":{"line":155,"column":9},"end":{"line":155,"column":18}},"loc":{"start":{"line":155,"column":32},"end":{"line":188,"column":1}},"line":155},"19":{"name":"(anonymous_19)","decl":{"start":{"line":159,"column":17},"end":{"line":159,"column":18}},"loc":{"start":{"line":159,"column":34},"end":{"line":185,"column":5}},"line":159},"20":{"name":"(anonymous_20)","decl":{"start":{"line":163,"column":57},"end":{"line":163,"column":58}},"loc":{"start":{"line":163,"column":64},"end":{"line":163,"column":70}},"line":163},"21":{"name":"(anonymous_21)","decl":{"start":{"line":190,"column":24},"end":{"line":190,"column":25}},"loc":{"start":{"line":191,"column":4},"end":{"line":191,"column":85}},"line":191},"22":{"name":"(anonymous_22)","decl":{"start":{"line":191,"column":52},"end":{"line":191,"column":53}},"loc":{"start":{"line":191,"column":60},"end":{"line":191,"column":77}},"line":191},"23":{"name":"firstCell","decl":{"start":{"line":194,"column":9},"end":{"line":194,"column":18}},"loc":{"start":{"line":194,"column":26},"end":{"line":204,"column":1}},"line":194},"24":{"name":"isExactishFieldLabel","decl":{"start":{"line":212,"column":9},"end":{"line":212,"column":29}},"loc":{"start":{"line":212,"column":36},"end":{"line":220,"column":1}},"line":212},"25":{"name":"(anonymous_25)","decl":{"start":{"line":215,"column":34},"end":{"line":215,"column":35}},"loc":{"start":{"line":215,"column":41},"end":{"line":219,"column":5}},"line":215},"26":{"name":"valueCandidates","decl":{"start":{"line":227,"column":9},"end":{"line":227,"column":24}},"loc":{"start":{"line":227,"column":38},"end":{"line":254,"column":1}},"line":227},"27":{"name":"(anonymous_27)","decl":{"start":{"line":235,"column":13},"end":{"line":235,"column":14}},"loc":{"start":{"line":235,"column":20},"end":{"line":235,"column":26}},"line":235},"28":{"name":"(anonymous_28)","decl":{"start":{"line":246,"column":37},"end":{"line":246,"column":38}},"loc":{"start":{"line":246,"column":44},"end":{"line":246,"column":90}},"line":246},"29":{"name":"extractFieldsFromWords","decl":{"start":{"line":262,"column":16},"end":{"line":262,"column":38}},"loc":{"start":{"line":262,"column":46},"end":{"line":264,"column":1}},"line":262},"30":{"name":"extractFieldsFromRows","decl":{"start":{"line":266,"column":9},"end":{"line":266,"column":30}},"loc":{"start":{"line":266,"column":37},"end":{"line":286,"column":1}},"line":266},"31":{"name":"(anonymous_31)","decl":{"start":{"line":275,"column":39},"end":{"line":275,"column":40}},"loc":{"start":{"line":275,"column":46},"end":{"line":275,"column":52}},"line":275},"32":{"name":"(anonymous_32)","decl":{"start":{"line":319,"column":16},"end":{"line":319,"column":17}},"loc":{"start":{"line":319,"column":23},"end":{"line":319,"column":50}},"line":319},"33":{"name":"labelScore","decl":{"start":{"line":327,"column":9},"end":{"line":327,"column":19}},"loc":{"start":{"line":327,"column":46},"end":{"line":332,"column":1}},"line":327},"34":{"name":"matchSpanInRow","decl":{"start":{"line":339,"column":9},"end":{"line":339,"column":23}},"loc":{"start":{"line":339,"column":38},"end":{"line":365,"column":1}},"line":339},"35":{"name":"(anonymous_35)","decl":{"start":{"line":345,"column":44},"end":{"line":345,"column":45}},"loc":{"start":{"line":345,"column":51},"end":{"line":345,"column":57}},"line":345},"36":{"name":"(anonymous_36)","decl":{"start":{"line":367,"column":22},"end":{"line":367,"column":23}},"loc":{"start":{"line":367,"column":40},"end":{"line":370,"column":1}},"line":367},"37":{"name":"findHeaderRow","decl":{"start":{"line":373,"column":9},"end":{"line":373,"column":22}},"loc":{"start":{"line":373,"column":38},"end":{"line":386,"column":1}},"line":373},"38":{"name":"(anonymous_38)","decl":{"start":{"line":375,"column":17},"end":{"line":375,"column":18}},"loc":{"start":{"line":375,"column":34},"end":{"line":384,"column":5}},"line":375},"39":{"name":"extractRecordTable","decl":{"start":{"line":393,"column":9},"end":{"line":393,"column":27}},"loc":{"start":{"line":393,"column":56},"end":{"line":437,"column":1}},"line":393},"40":{"name":"(anonymous_40)","decl":{"start":{"line":439,"column":19},"end":{"line":439,"column":20}},"loc":{"start":{"line":440,"column":4},"end":{"line":445,"column":6}},"line":440},"41":{"name":"(anonymous_41)","decl":{"start":{"line":443,"column":17},"end":{"line":443,"column":18}},"loc":{"start":{"line":443,"column":24},"end":{"line":443,"column":32}},"line":443},"42":{"name":"(anonymous_42)","decl":{"start":{"line":444,"column":20},"end":{"line":444,"column":21}},"loc":{"start":{"line":444,"column":27},"end":{"line":444,"column":92}},"line":444},"43":{"name":"extractGeneList","decl":{"start":{"line":452,"column":9},"end":{"line":452,"column":24}},"loc":{"start":{"line":452,"column":47},"end":{"line":467,"column":1}},"line":452},"44":{"name":"(anonymous_44)","decl":{"start":{"line":460,"column":62},"end":{"line":460,"column":63}},"loc":{"start":{"line":460,"column":69},"end":{"line":460,"column":75}},"line":460},"45":{"name":"(anonymous_45)","decl":{"start":{"line":463,"column":35},"end":{"line":463,"column":36}},"loc":{"start":{"line":463,"column":42},"end":{"line":463,"column":48}},"line":463},"46":{"name":"extractAllFromWords","decl":{"start":{"line":475,"column":16},"end":{"line":475,"column":35}},"loc":{"start":{"line":475,"column":43},"end":{"line":487,"column":1}},"line":475},"47":{"name":"findSampleHeaderRow","decl":{"start":{"line":497,"column":9},"end":{"line":497,"column":28}},"loc":{"start":{"line":497,"column":35},"end":{"line":517,"column":1}},"line":497},"48":{"name":"(anonymous_48)","decl":{"start":{"line":499,"column":17},"end":{"line":499,"column":18}},"loc":{"start":{"line":499,"column":34},"end":{"line":515,"column":5}},"line":499},"49":{"name":"extractSampleRows","decl":{"start":{"line":524,"column":16},"end":{"line":524,"column":33}},"loc":{"start":{"line":524,"column":41},"end":{"line":562,"column":1}},"line":524}},"branchMap":{"0":{"loc":{"start":{"line":28,"column":32},"end":{"line":28,"column":39}},"type":"binary-expr","locations":[{"start":{"line":28,"column":32},"end":{"line":28,"column":33}},{"start":{"line":28,"column":37},"end":{"line":28,"column":39}}],"line":28},"1":{"loc":{"start":{"line":36,"column":4},"end":{"line":36,"column":46}},"type":"if","locations":[{"start":{"line":36,"column":4},"end":{"line":36,"column":46}},{"start":{},"end":{}}],"line":36},"2":{"loc":{"start":{"line":36,"column":8},"end":{"line":36,"column":36}},"type":"binary-expr","locations":[{"start":{"line":36,"column":8},"end":{"line":36,"column":22}},{"start":{"line":36,"column":26},"end":{"line":36,"column":36}}],"line":36},"3":{"loc":{"start":{"line":37,"column":4},"end":{"line":37,"column":45}},"type":"if","locations":[{"start":{"line":37,"column":4},"end":{"line":37,"column":45}},{"start":{},"end":{}}],"line":37},"4":{"loc":{"start":{"line":38,"column":4},"end":{"line":38,"column":39}},"type":"if","locations":[{"start":{"line":38,"column":4},"end":{"line":38,"column":39}},{"start":{},"end":{}}],"line":38},"5":{"loc":{"start":{"line":39,"column":4},"end":{"line":39,"column":91}},"type":"if","locations":[{"start":{"line":39,"column":4},"end":{"line":39,"column":91}},{"start":{},"end":{}}],"line":39},"6":{"loc":{"start":{"line":39,"column":8},"end":{"line":39,"column":78}},"type":"binary-expr","locations":[{"start":{"line":39,"column":8},"end":{"line":39,"column":41}},{"start":{"line":39,"column":45},"end":{"line":39,"column":78}}],"line":39},"7":{"loc":{"start":{"line":41,"column":11},"end":{"line":41,"column":32}},"type":"cond-expr","locations":[{"start":{"line":41,"column":25},"end":{"line":41,"column":28}},{"start":{"line":41,"column":31},"end":{"line":41,"column":32}}],"line":41},"8":{"loc":{"start":{"line":48,"column":4},"end":{"line":48,"column":27}},"type":"if","locations":[{"start":{"line":48,"column":4},"end":{"line":48,"column":27}},{"start":{},"end":{}}],"line":48},"9":{"loc":{"start":{"line":50,"column":4},"end":{"line":50,"column":44}},"type":"if","locations":[{"start":{"line":50,"column":4},"end":{"line":50,"column":44}},{"start":{},"end":{}}],"line":50},"10":{"loc":{"start":{"line":51,"column":4},"end":{"line":51,"column":68}},"type":"if","locations":[{"start":{"line":51,"column":4},"end":{"line":51,"column":68}},{"start":{},"end":{}}],"line":51},"11":{"loc":{"start":{"line":51,"column":8},"end":{"line":51,"column":55}},"type":"binary-expr","locations":[{"start":{"line":51,"column":8},"end":{"line":51,"column":13}},{"start":{"line":51,"column":18},"end":{"line":51,"column":34}},{"start":{"line":51,"column":38},"end":{"line":51,"column":54}}],"line":51},"12":{"loc":{"start":{"line":63,"column":4},"end":{"line":66,"column":5}},"type":"if","locations":[{"start":{"line":63,"column":4},"end":{"line":66,"column":5}},{"start":{},"end":{}}],"line":63},"13":{"loc":{"start":{"line":65,"column":8},"end":{"line":65,"column":92}},"type":"if","locations":[{"start":{"line":65,"column":8},"end":{"line":65,"column":92}},{"start":{},"end":{}}],"line":65},"14":{"loc":{"start":{"line":65,"column":12},"end":{"line":65,"column":56}},"type":"binary-expr","locations":[{"start":{"line":65,"column":12},"end":{"line":65,"column":20}},{"start":{"line":65,"column":24},"end":{"line":65,"column":33}},{"start":{"line":65,"column":37},"end":{"line":65,"column":44}},{"start":{"line":65,"column":48},"end":{"line":65,"column":56}}],"line":65},"15":{"loc":{"start":{"line":70,"column":4},"end":{"line":73,"column":5}},"type":"if","locations":[{"start":{"line":70,"column":4},"end":{"line":73,"column":5}},{"start":{},"end":{}}],"line":70},"16":{"loc":{"start":{"line":72,"column":8},"end":{"line":72,"column":92}},"type":"if","locations":[{"start":{"line":72,"column":8},"end":{"line":72,"column":92}},{"start":{},"end":{}}],"line":72},"17":{"loc":{"start":{"line":72,"column":12},"end":{"line":72,"column":56}},"type":"binary-expr","locations":[{"start":{"line":72,"column":12},"end":{"line":72,"column":20}},{"start":{"line":72,"column":24},"end":{"line":72,"column":33}},{"start":{"line":72,"column":37},"end":{"line":72,"column":44}},{"start":{"line":72,"column":48},"end":{"line":72,"column":56}}],"line":72},"18":{"loc":{"start":{"line":78,"column":4},"end":{"line":82,"column":5}},"type":"if","locations":[{"start":{"line":78,"column":4},"end":{"line":82,"column":5}},{"start":{},"end":{}}],"line":78},"19":{"loc":{"start":{"line":81,"column":8},"end":{"line":81,"column":80}},"type":"if","locations":[{"start":{"line":81,"column":8},"end":{"line":81,"column":80}},{"start":{},"end":{}}],"line":81},"20":{"loc":{"start":{"line":81,"column":12},"end":{"line":81,"column":23}},"type":"binary-expr","locations":[{"start":{"line":81,"column":12},"end":{"line":81,"column":15}},{"start":{"line":81,"column":19},"end":{"line":81,"column":23}}],"line":81},"21":{"loc":{"start":{"line":89,"column":4},"end":{"line":89,"column":48}},"type":"if","locations":[{"start":{"line":89,"column":4},"end":{"line":89,"column":48}},{"start":{},"end":{}}],"line":89},"22":{"loc":{"start":{"line":90,"column":4},"end":{"line":90,"column":68}},"type":"if","locations":[{"start":{"line":90,"column":4},"end":{"line":90,"column":68}},{"start":{},"end":{}}],"line":90},"23":{"loc":{"start":{"line":90,"column":8},"end":{"line":90,"column":54}},"type":"binary-expr","locations":[{"start":{"line":90,"column":8},"end":{"line":90,"column":25}},{"start":{"line":90,"column":29},"end":{"line":90,"column":54}}],"line":90},"24":{"loc":{"start":{"line":95,"column":4},"end":{"line":95,"column":63}},"type":"if","locations":[{"start":{"line":95,"column":4},"end":{"line":95,"column":63}},{"start":{},"end":{}}],"line":95},"25":{"loc":{"start":{"line":95,"column":8},"end":{"line":95,"column":50}},"type":"binary-expr","locations":[{"start":{"line":95,"column":8},"end":{"line":95,"column":20}},{"start":{"line":95,"column":24},"end":{"line":95,"column":50}}],"line":95},"26":{"loc":{"start":{"line":96,"column":4},"end":{"line":107,"column":5}},"type":"switch","locations":[{"start":{"line":97,"column":8},"end":{"line":98,"column":50}},{"start":{"line":99,"column":8},"end":{"line":100,"column":35}},{"start":{"line":101,"column":8},"end":{"line":102,"column":39}},{"start":{"line":103,"column":8},"end":{"line":104,"column":46}},{"start":{"line":105,"column":8},"end":{"line":106,"column":23}}],"line":96},"27":{"loc":{"start":{"line":104,"column":19},"end":{"line":104,"column":46}},"type":"binary-expr","locations":[{"start":{"line":104,"column":19},"end":{"line":104,"column":38}},{"start":{"line":104,"column":42},"end":{"line":104,"column":46}}],"line":104},"28":{"loc":{"start":{"line":121,"column":23},"end":{"line":121,"column":66}},"type":"binary-expr","locations":[{"start":{"line":121,"column":23},"end":{"line":121,"column":24}},{"start":{"line":121,"column":28},"end":{"line":121,"column":34}},{"start":{"line":121,"column":38},"end":{"line":121,"column":66}}],"line":121},"29":{"loc":{"start":{"line":124,"column":4},"end":{"line":124,"column":37}},"type":"if","locations":[{"start":{"line":124,"column":4},"end":{"line":124,"column":37}},{"start":{},"end":{}}],"line":124},"30":{"loc":{"start":{"line":127,"column":25},"end":{"line":127,"column":70}},"type":"binary-expr","locations":[{"start":{"line":127,"column":25},"end":{"line":127,"column":64}},{"start":{"line":127,"column":68},"end":{"line":127,"column":70}}],"line":127},"31":{"loc":{"start":{"line":136,"column":8},"end":{"line":143,"column":9}},"type":"if","locations":[{"start":{"line":136,"column":8},"end":{"line":143,"column":9}},{"start":{"line":139,"column":15},"end":{"line":143,"column":9}}],"line":136},"32":{"loc":{"start":{"line":161,"column":30},"end":{"line":161,"column":77}},"type":"binary-expr","locations":[{"start":{"line":161,"column":30},"end":{"line":161,"column":52}},{"start":{"line":161,"column":56},"end":{"line":161,"column":77}}],"line":161},"33":{"loc":{"start":{"line":166,"column":20},"end":{"line":181,"column":21}},"type":"if","locations":[{"start":{"line":166,"column":20},"end":{"line":181,"column":21}},{"start":{},"end":{}}],"line":166},"34":{"loc":{"start":{"line":167,"column":24},"end":{"line":170,"column":69}},"type":"binary-expr","locations":[{"start":{"line":167,"column":24},"end":{"line":167,"column":33}},{"start":{"line":168,"column":25},"end":{"line":168,"column":30}},{"start":{"line":169,"column":28},"end":{"line":169,"column":46}},{"start":{"line":170,"column":29},"end":{"line":170,"column":49}},{"start":{"line":170,"column":53},"end":{"line":170,"column":67}}],"line":167},"35":{"loc":{"start":{"line":191,"column":4},"end":{"line":191,"column":85}},"type":"cond-expr","locations":[{"start":{"line":191,"column":19},"end":{"line":191,"column":81}},{"start":{"line":191,"column":84},"end":{"line":191,"column":85}}],"line":191},"36":{"loc":{"start":{"line":191,"column":60},"end":{"line":191,"column":77}},"type":"binary-expr","locations":[{"start":{"line":191,"column":60},"end":{"line":191,"column":72}},{"start":{"line":191,"column":76},"end":{"line":191,"column":77}}],"line":191},"37":{"loc":{"start":{"line":195,"column":4},"end":{"line":195,"column":32}},"type":"if","locations":[{"start":{"line":195,"column":4},"end":{"line":195,"column":32}},{"start":{},"end":{}}],"line":195},"38":{"loc":{"start":{"line":199,"column":18},"end":{"line":199,"column":69}},"type":"binary-expr","locations":[{"start":{"line":199,"column":18},"end":{"line":199,"column":63}},{"start":{"line":199,"column":67},"end":{"line":199,"column":69}}],"line":199},"39":{"loc":{"start":{"line":200,"column":8},"end":{"line":200,"column":32}},"type":"if","locations":[{"start":{"line":200,"column":8},"end":{"line":200,"column":32}},{"start":{},"end":{}}],"line":200},"40":{"loc":{"start":{"line":214,"column":4},"end":{"line":214,"column":24}},"type":"if","locations":[{"start":{"line":214,"column":4},"end":{"line":214,"column":24}},{"start":{},"end":{}}],"line":214},"41":{"loc":{"start":{"line":217,"column":8},"end":{"line":217,"column":42}},"type":"if","locations":[{"start":{"line":217,"column":8},"end":{"line":217,"column":42}},{"start":{},"end":{}}],"line":217},"42":{"loc":{"start":{"line":218,"column":15},"end":{"line":218,"column":72}},"type":"binary-expr","locations":[{"start":{"line":218,"column":15},"end":{"line":218,"column":23}},{"start":{"line":218,"column":28},"end":{"line":218,"column":42}},{"start":{"line":218,"column":46},"end":{"line":218,"column":71}}],"line":218},"43":{"loc":{"start":{"line":237,"column":4},"end":{"line":239,"column":5}},"type":"if","locations":[{"start":{"line":237,"column":4},"end":{"line":239,"column":5}},{"start":{},"end":{}}],"line":237},"44":{"loc":{"start":{"line":237,"column":8},"end":{"line":237,"column":62}},"type":"binary-expr","locations":[{"start":{"line":237,"column":8},"end":{"line":237,"column":23}},{"start":{"line":237,"column":27},"end":{"line":237,"column":62}}],"line":237},"45":{"loc":{"start":{"line":246,"column":44},"end":{"line":246,"column":90}},"type":"binary-expr","locations":[{"start":{"line":246,"column":44},"end":{"line":246,"column":65}},{"start":{"line":246,"column":69},"end":{"line":246,"column":90}}],"line":246},"46":{"loc":{"start":{"line":247,"column":8},"end":{"line":250,"column":9}},"type":"if","locations":[{"start":{"line":247,"column":8},"end":{"line":250,"column":9}},{"start":{},"end":{}}],"line":247},"47":{"loc":{"start":{"line":263,"column":45},"end":{"line":263,"column":56}},"type":"binary-expr","locations":[{"start":{"line":263,"column":45},"end":{"line":263,"column":50}},{"start":{"line":263,"column":54},"end":{"line":263,"column":56}}],"line":263},"48":{"loc":{"start":{"line":272,"column":8},"end":{"line":272,"column":28}},"type":"if","locations":[{"start":{"line":272,"column":8},"end":{"line":272,"column":28}},{"start":{},"end":{}}],"line":272},"49":{"loc":{"start":{"line":277,"column":12},"end":{"line":281,"column":13}},"type":"if","locations":[{"start":{"line":277,"column":12},"end":{"line":281,"column":13}},{"start":{},"end":{}}],"line":277},"50":{"loc":{"start":{"line":277,"column":16},"end":{"line":277,"column":69}},"type":"binary-expr","locations":[{"start":{"line":277,"column":16},"end":{"line":277,"column":30}},{"start":{"line":277,"column":34},"end":{"line":277,"column":53}},{"start":{"line":277,"column":57},"end":{"line":277,"column":69}}],"line":277},"51":{"loc":{"start":{"line":328,"column":4},"end":{"line":328,"column":46}},"type":"if","locations":[{"start":{"line":328,"column":4},"end":{"line":328,"column":46}},{"start":{},"end":{}}],"line":328},"52":{"loc":{"start":{"line":328,"column":8},"end":{"line":328,"column":36}},"type":"binary-expr","locations":[{"start":{"line":328,"column":8},"end":{"line":328,"column":22}},{"start":{"line":328,"column":26},"end":{"line":328,"column":36}}],"line":328},"53":{"loc":{"start":{"line":329,"column":4},"end":{"line":329,"column":45}},"type":"if","locations":[{"start":{"line":329,"column":4},"end":{"line":329,"column":45}},{"start":{},"end":{}}],"line":329},"54":{"loc":{"start":{"line":330,"column":4},"end":{"line":330,"column":78}},"type":"if","locations":[{"start":{"line":330,"column":4},"end":{"line":330,"column":78}},{"start":{},"end":{}}],"line":330},"55":{"loc":{"start":{"line":330,"column":8},"end":{"line":330,"column":66}},"type":"binary-expr","locations":[{"start":{"line":330,"column":8},"end":{"line":330,"column":29}},{"start":{"line":330,"column":33},"end":{"line":330,"column":66}}],"line":330},"56":{"loc":{"start":{"line":343,"column":26},"end":{"line":343,"column":73}},"type":"binary-expr","locations":[{"start":{"line":343,"column":26},"end":{"line":343,"column":48}},{"start":{"line":343,"column":52},"end":{"line":343,"column":73}}],"line":343},"57":{"loc":{"start":{"line":348,"column":16},"end":{"line":360,"column":17}},"type":"if","locations":[{"start":{"line":348,"column":16},"end":{"line":360,"column":17}},{"start":{},"end":{}}],"line":348},"58":{"loc":{"start":{"line":349,"column":20},"end":{"line":352,"column":66}},"type":"binary-expr","locations":[{"start":{"line":349,"column":20},"end":{"line":349,"column":29}},{"start":{"line":350,"column":21},"end":{"line":350,"column":26}},{"start":{"line":351,"column":24},"end":{"line":351,"column":42}},{"start":{"line":352,"column":25},"end":{"line":352,"column":45}},{"start":{"line":352,"column":49},"end":{"line":352,"column":64}}],"line":349},"59":{"loc":{"start":{"line":369,"column":11},"end":{"line":369,"column":32}},"type":"binary-expr","locations":[{"start":{"line":369,"column":11},"end":{"line":369,"column":14}},{"start":{"line":369,"column":18},"end":{"line":369,"column":32}}],"line":369},"60":{"loc":{"start":{"line":379,"column":12},"end":{"line":379,"column":85}},"type":"if","locations":[{"start":{"line":379,"column":12},"end":{"line":379,"column":85}},{"start":{},"end":{}}],"line":379},"61":{"loc":{"start":{"line":379,"column":16},"end":{"line":379,"column":35}},"type":"binary-expr","locations":[{"start":{"line":379,"column":16},"end":{"line":379,"column":17}},{"start":{"line":379,"column":21},"end":{"line":379,"column":35}}],"line":379},"62":{"loc":{"start":{"line":381,"column":8},"end":{"line":383,"column":9}},"type":"if","locations":[{"start":{"line":381,"column":8},"end":{"line":383,"column":9}},{"start":{},"end":{}}],"line":381},"63":{"loc":{"start":{"line":381,"column":12},"end":{"line":381,"column":82}},"type":"binary-expr","locations":[{"start":{"line":381,"column":12},"end":{"line":381,"column":31}},{"start":{"line":381,"column":36},"end":{"line":381,"column":41}},{"start":{"line":381,"column":45},"end":{"line":381,"column":81}}],"line":381},"64":{"loc":{"start":{"line":395,"column":4},"end":{"line":395,"column":26}},"type":"if","locations":[{"start":{"line":395,"column":4},"end":{"line":395,"column":26}},{"start":{},"end":{}}],"line":395},"65":{"loc":{"start":{"line":401,"column":8},"end":{"line":401,"column":69}},"type":"if","locations":[{"start":{"line":401,"column":8},"end":{"line":401,"column":69}},{"start":{},"end":{}}],"line":401},"66":{"loc":{"start":{"line":401,"column":12},"end":{"line":401,"column":62}},"type":"binary-expr","locations":[{"start":{"line":401,"column":12},"end":{"line":401,"column":23}},{"start":{"line":401,"column":27},"end":{"line":401,"column":62}}],"line":401},"67":{"loc":{"start":{"line":410,"column":16},"end":{"line":413,"column":17}},"type":"if","locations":[{"start":{"line":410,"column":16},"end":{"line":413,"column":17}},{"start":{},"end":{}}],"line":410},"68":{"loc":{"start":{"line":415,"column":12},"end":{"line":415,"column":63}},"type":"if","locations":[{"start":{"line":415,"column":12},"end":{"line":415,"column":63}},{"start":{},"end":{}}],"line":415},"69":{"loc":{"start":{"line":421,"column":27},"end":{"line":421,"column":47}},"type":"binary-expr","locations":[{"start":{"line":421,"column":27},"end":{"line":421,"column":41}},{"start":{"line":421,"column":45},"end":{"line":421,"column":47}}],"line":421},"70":{"loc":{"start":{"line":422,"column":12},"end":{"line":425,"column":13}},"type":"if","locations":[{"start":{"line":422,"column":12},"end":{"line":425,"column":13}},{"start":{},"end":{}}],"line":422},"71":{"loc":{"start":{"line":427,"column":8},"end":{"line":427,"column":23}},"type":"if","locations":[{"start":{"line":427,"column":8},"end":{"line":427,"column":23}},{"start":{},"end":{}}],"line":427},"72":{"loc":{"start":{"line":429,"column":8},"end":{"line":432,"column":9}},"type":"if","locations":[{"start":{"line":429,"column":8},"end":{"line":432,"column":9}},{"start":{},"end":{}}],"line":429},"73":{"loc":{"start":{"line":431,"column":12},"end":{"line":431,"column":56}},"type":"if","locations":[{"start":{"line":431,"column":12},"end":{"line":431,"column":56}},{"start":{},"end":{}}],"line":431},"74":{"loc":{"start":{"line":444,"column":27},"end":{"line":444,"column":92}},"type":"binary-expr","locations":[{"start":{"line":444,"column":27},"end":{"line":444,"column":39}},{"start":{"line":444,"column":43},"end":{"line":444,"column":69}},{"start":{"line":444,"column":73},"end":{"line":444,"column":92}}],"line":444},"75":{"loc":{"start":{"line":454,"column":20},"end":{"line":454,"column":43}},"type":"binary-expr","locations":[{"start":{"line":454,"column":20},"end":{"line":454,"column":35}},{"start":{"line":454,"column":39},"end":{"line":454,"column":43}}],"line":454},"76":{"loc":{"start":{"line":456,"column":8},"end":{"line":456,"column":78}},"type":"if","locations":[{"start":{"line":456,"column":8},"end":{"line":456,"column":78}},{"start":{},"end":{}}],"line":456},"77":{"loc":{"start":{"line":456,"column":12},"end":{"line":456,"column":31}},"type":"binary-expr","locations":[{"start":{"line":456,"column":12},"end":{"line":456,"column":13}},{"start":{"line":456,"column":17},"end":{"line":456,"column":31}}],"line":456},"78":{"loc":{"start":{"line":458,"column":4},"end":{"line":458,"column":23}},"type":"if","locations":[{"start":{"line":458,"column":4},"end":{"line":458,"column":23}},{"start":{},"end":{}}],"line":458},"79":{"loc":{"start":{"line":462,"column":8},"end":{"line":462,"column":63}},"type":"if","locations":[{"start":{"line":462,"column":8},"end":{"line":462,"column":63}},{"start":{},"end":{}}],"line":462},"80":{"loc":{"start":{"line":476,"column":29},"end":{"line":476,"column":40}},"type":"binary-expr","locations":[{"start":{"line":476,"column":29},"end":{"line":476,"column":34}},{"start":{"line":476,"column":38},"end":{"line":476,"column":40}}],"line":476},"81":{"loc":{"start":{"line":504,"column":12},"end":{"line":507,"column":13}},"type":"if","locations":[{"start":{"line":504,"column":12},"end":{"line":507,"column":13}},{"start":{},"end":{}}],"line":504},"82":{"loc":{"start":{"line":504,"column":16},"end":{"line":504,"column":59}},"type":"binary-expr","locations":[{"start":{"line":504,"column":16},"end":{"line":504,"column":17}},{"start":{"line":504,"column":21},"end":{"line":504,"column":35}},{"start":{"line":504,"column":39},"end":{"line":504,"column":59}}],"line":504},"83":{"loc":{"start":{"line":509,"column":8},"end":{"line":514,"column":9}},"type":"if","locations":[{"start":{"line":509,"column":8},"end":{"line":514,"column":9}},{"start":{},"end":{}}],"line":509},"84":{"loc":{"start":{"line":510,"column":12},"end":{"line":511,"column":59}},"type":"binary-expr","locations":[{"start":{"line":510,"column":12},"end":{"line":510,"column":54}},{"start":{"line":511,"column":13},"end":{"line":511,"column":18}},{"start":{"line":511,"column":22},"end":{"line":511,"column":58}}],"line":510},"85":{"loc":{"start":{"line":525,"column":29},"end":{"line":525,"column":40}},"type":"binary-expr","locations":[{"start":{"line":525,"column":29},"end":{"line":525,"column":34}},{"start":{"line":525,"column":38},"end":{"line":525,"column":40}}],"line":525},"86":{"loc":{"start":{"line":527,"column":4},"end":{"line":527,"column":26}},"type":"if","locations":[{"start":{"line":527,"column":4},"end":{"line":527,"column":26}},{"start":{},"end":{}}],"line":527},"87":{"loc":{"start":{"line":538,"column":16},"end":{"line":541,"column":17}},"type":"if","locations":[{"start":{"line":538,"column":16},"end":{"line":541,"column":17}},{"start":{},"end":{}}],"line":538},"88":{"loc":{"start":{"line":543,"column":12},"end":{"line":543,"column":67}},"type":"if","locations":[{"start":{"line":543,"column":12},"end":{"line":543,"column":67}},{"start":{},"end":{}}],"line":543},"89":{"loc":{"start":{"line":548,"column":26},"end":{"line":548,"column":46}},"type":"binary-expr","locations":[{"start":{"line":548,"column":26},"end":{"line":548,"column":40}},{"start":{"line":548,"column":44},"end":{"line":548,"column":46}}],"line":548},"90":{"loc":{"start":{"line":549,"column":12},"end":{"line":549,"column":31}},"type":"if","locations":[{"start":{"line":549,"column":12},"end":{"line":549,"column":31}},{"start":{},"end":{}}],"line":549},"91":{"loc":{"start":{"line":551,"column":12},"end":{"line":553,"column":13}},"type":"if","locations":[{"start":{"line":551,"column":12},"end":{"line":553,"column":13}},{"start":{},"end":{}}],"line":551},"92":{"loc":{"start":{"line":551,"column":16},"end":{"line":551,"column":69}},"type":"binary-expr","locations":[{"start":{"line":551,"column":16},"end":{"line":551,"column":30}},{"start":{"line":551,"column":34},"end":{"line":551,"column":53}},{"start":{"line":551,"column":57},"end":{"line":551,"column":69}}],"line":551},"93":{"loc":{"start":{"line":556,"column":8},"end":{"line":558,"column":9}},"type":"if","locations":[{"start":{"line":556,"column":8},"end":{"line":558,"column":9}},{"start":{},"end":{}}],"line":556},"94":{"loc":{"start":{"line":556,"column":12},"end":{"line":556,"column":63}},"type":"binary-expr","locations":[{"start":{"line":556,"column":12},"end":{"line":556,"column":35}},{"start":{"line":556,"column":39},"end":{"line":556,"column":63}}],"line":556}},"s":{"0":1,"1":1,"2":1,"3":11,"4":1,"5":5184,"6":5874,"7":33,"8":5841,"9":28,"10":5813,"11":1055,"12":4758,"13":103,"14":4655,"15":4655,"16":32,"17":32,"18":6,"19":26,"20":26,"21":0,"22":26,"23":2,"24":24,"25":1,"26":5,"27":5,"28":6,"29":5,"30":5,"31":1,"32":1,"33":1,"34":4,"35":4,"36":1,"37":1,"38":1,"39":3,"40":3,"41":27,"42":3,"43":1,"44":1,"45":1,"46":1,"47":2,"48":4,"49":4,"50":1,"51":3,"52":1,"53":2,"54":50,"55":0,"56":50,"57":32,"58":5,"59":4,"60":9,"61":0,"62":1,"63":587,"64":1,"65":121,"66":17,"67":121,"68":106,"69":17,"70":2,"71":15,"72":106,"73":15,"74":15,"75":15,"76":15,"77":15,"78":15,"79":15,"80":106,"81":106,"82":81,"83":81,"84":229,"85":25,"86":51,"87":25,"88":25,"89":15,"90":30,"91":15,"92":154,"93":154,"94":154,"95":352,"96":352,"97":1001,"98":1001,"99":1958,"100":1958,"101":3223,"102":1958,"103":5874,"104":5874,"105":53,"106":154,"107":1,"108":21,"109":27,"110":30,"111":4,"112":26,"113":26,"114":26,"115":8,"116":8,"117":8,"118":4,"119":4,"120":26,"121":26,"122":26,"123":0,"124":26,"125":796,"126":796,"127":148,"128":648,"129":30,"130":30,"131":30,"132":30,"133":30,"134":30,"135":21,"136":30,"137":30,"138":28,"139":87,"140":28,"141":22,"142":22,"143":30,"144":11,"145":14,"146":14,"147":14,"148":154,"149":154,"150":124,"151":30,"152":33,"153":42,"154":33,"155":33,"156":21,"157":21,"158":21,"159":14,"160":1,"161":1,"162":1,"163":1,"164":1,"165":1,"166":30,"167":4068,"168":0,"169":4068,"170":29,"171":4039,"172":71,"173":3968,"174":182,"175":182,"176":182,"177":182,"178":656,"179":656,"180":1422,"181":1422,"182":2480,"183":1422,"184":4068,"185":4068,"186":38,"187":182,"188":1,"189":6,"190":6,"191":6,"192":6,"193":22,"194":22,"195":66,"196":66,"197":6,"198":22,"199":2,"200":6,"201":6,"202":6,"203":4,"204":2,"205":2,"206":2,"207":2,"208":6,"209":2,"210":4,"211":4,"212":13,"213":13,"214":13,"215":13,"216":42,"217":42,"218":28,"219":28,"220":13,"221":13,"222":4,"223":4,"224":4,"225":12,"226":12,"227":12,"228":12,"229":4,"230":0,"231":4,"232":2,"233":2,"234":2,"235":4,"236":2,"237":1,"238":3,"239":8,"240":8,"241":6,"242":6,"243":6,"244":22,"245":22,"246":3,"247":6,"248":3,"249":3,"250":6,"251":3,"252":3,"253":0,"254":0,"255":0,"256":0,"257":3,"258":3,"259":3,"260":3,"261":1,"262":3,"263":3,"264":8,"265":8,"266":8,"267":88,"268":88,"269":11,"270":11,"271":8,"272":2,"273":3,"274":3,"275":3,"276":3,"277":1,"278":2,"279":2,"280":2,"281":4,"282":4,"283":17,"284":17,"285":17,"286":17,"287":78,"288":78,"289":37,"290":37,"291":17,"292":17,"293":4,"294":4,"295":18,"296":18,"297":1,"298":17,"299":17,"300":17,"301":4,"302":3,"303":2},"f":{"0":11,"1":5184,"2":5874,"3":32,"4":5,"5":6,"6":27,"7":4,"8":50,"9":587,"10":121,"11":17,"12":121,"13":106,"14":106,"15":229,"16":51,"17":30,"18":154,"19":352,"20":3223,"21":21,"22":27,"23":30,"24":26,"25":796,"26":30,"27":30,"28":87,"29":11,"30":14,"31":42,"32":30,"33":4068,"34":182,"35":2480,"36":6,"37":6,"38":22,"39":6,"40":3,"41":8,"42":8,"43":6,"44":6,"45":0,"46":3,"47":3,"48":8,"49":3},"b":{"0":[5184,0],"1":[33,5841],"2":[5874,5841],"3":[28,5813],"4":[1055,4758],"5":[103,4655],"6":[4758,4706],"7":[1,4654],"8":[6,26],"9":[0,26],"10":[2,24],"11":[26,26,26],"12":[1,4],"13":[1,0],"14":[1,1,1,1],"15":[1,3],"16":[1,0],"17":[1,1,1,1],"18":[1,2],"19":[1,0],"20":[1,1],"21":[1,3],"22":[1,2],"23":[3,2],"24":[0,50],"25":[50,50],"26":[32,5,4,9,0],"27":[9,0],"28":[121,121,121],"29":[2,15],"30":[15,0],"31":[81,25],"32":[2959,2651],"33":[53,5821],"34":[5874,132,102,82,29],"35":[21,0],"36":[27,1],"37":[4,26],"38":[8,0],"39":[4,4],"40":[0,26],"41":[148,648],"42":[648,644,0],"43":[21,9],"44":[30,26],"45":[87,68],"46":[22,6],"47":[11,1],"48":[124,30],"49":[21,12],"50":[33,21,21],"51":[0,4068],"52":[4068,4068],"53":[29,4039],"54":[71,3968],"55":[4039,3646],"56":[2078,1786],"57":[38,4030],"58":[4068,100,78,69,30],"59":[6,2],"60":[6,60],"61":[66,6],"62":[2,20],"63":[22,2,0],"64":[4,2],"65":[2,4],"66":[6,6],"67":[28,14],"68":[13,0],"69":[12,0],"70":[12,0],"71":[0,4],"72":[2,2],"73":[2,0],"74":[8,6,5],"75":[28,22],"76":[3,19],"77":[22,3],"78":[3,3],"79":[0,0],"80":[3,0],"81":[11,77],"82":[88,11,11],"83":[2,6],"84":[8,2,0],"85":[3,0],"86":[1,2],"87":[37,41],"88":[17,0],"89":[18,1],"90":[1,17],"91":[17,0],"92":[17,17,17],"93":[3,1],"94":[4,4]},"inputSourceMap":null,"_coverageSchema":"1a1c01bbd47fc00a2c39e90264f33305004495a9","hash":"0c0d69fc11655b5674604366772608507eb792af"}
,"/Users/joshuacilliers/Documents/2026/University/IMY772/IMY772/backend/lib/template-parser.js": {"path":"/Users/joshuacilliers/Documents/2026/University/IMY772/IMY772/backend/lib/template-parser.js","statementMap":{"0":{"start":{"line":3,"column":12},"end":{"line":12,"column":1}},"1":{"start":{"line":4,"column":4},"end":{"line":10,"column":5}},"2":{"start":{"line":5,"column":8},"end":{"line":5,"column":95}},"3":{"start":{"line":5,"column":79},"end":{"line":5,"column":95}},"4":{"start":{"line":6,"column":22},"end":{"line":6,"column":40}},"5":{"start":{"line":7,"column":8},"end":{"line":9,"column":9}},"6":{"start":{"line":8,"column":12},"end":{"line":8,"column":126}},"7":{"start":{"line":8,"column":111},"end":{"line":8,"column":126}},"8":{"start":{"line":11,"column":4},"end":{"line":11,"column":20}},"9":{"start":{"line":14,"column":14},"end":{"line":14,"column":72}},"10":{"start":{"line":14,"column":22},"end":{"line":14,"column":71}},"11":{"start":{"line":15,"column":16},"end":{"line":15,"column":75}},"12":{"start":{"line":15,"column":24},"end":{"line":15,"column":74}},"13":{"start":{"line":16,"column":14},"end":{"line":16,"column":71}},"14":{"start":{"line":16,"column":22},"end":{"line":16,"column":70}},"15":{"start":{"line":21,"column":21},"end":{"line":21,"column":77}},"16":{"start":{"line":23,"column":18},"end":{"line":23,"column":57}},"17":{"start":{"line":24,"column":17},"end":{"line":24,"column":76}},"18":{"start":{"line":26,"column":22},"end":{"line":26,"column":31}},"19":{"start":{"line":28,"column":4},"end":{"line":95,"column":5}},"20":{"start":{"line":29,"column":26},"end":{"line":29,"column":95}},"21":{"start":{"line":30,"column":8},"end":{"line":30,"column":32}},"22":{"start":{"line":30,"column":24},"end":{"line":30,"column":32}},"23":{"start":{"line":32,"column":20},"end":{"line":32,"column":63}},"24":{"start":{"line":33,"column":20},"end":{"line":33,"column":65}},"25":{"start":{"line":35,"column":8},"end":{"line":68,"column":9}},"26":{"start":{"line":36,"column":12},"end":{"line":38,"column":13}},"27":{"start":{"line":37,"column":16},"end":{"line":37,"column":88}},"28":{"start":{"line":40,"column":29},"end":{"line":40,"column":70}},"29":{"start":{"line":41,"column":27},"end":{"line":41,"column":145}},"30":{"start":{"line":42,"column":24},"end":{"line":42,"column":102}},"31":{"start":{"line":44,"column":12},"end":{"line":67,"column":14}},"32":{"start":{"line":70,"column":22},"end":{"line":70,"column":46}},"33":{"start":{"line":72,"column":27},"end":{"line":72,"column":107}},"34":{"start":{"line":73,"column":8},"end":{"line":87,"column":9}},"35":{"start":{"line":74,"column":12},"end":{"line":86,"column":14}},"36":{"start":{"line":89,"column":23},"end":{"line":89,"column":97}},"37":{"start":{"line":90,"column":8},"end":{"line":94,"column":9}},"38":{"start":{"line":91,"column":12},"end":{"line":93,"column":13}},"39":{"start":{"line":91,"column":56},"end":{"line":91,"column":64}},"40":{"start":{"line":92,"column":16},"end":{"line":92,"column":62}},"41":{"start":{"line":97,"column":4},"end":{"line":97,"column":41}}},"fnMap":{"0":{"name":"(anonymous_0)","decl":{"start":{"line":3,"column":12},"end":{"line":3,"column":13}},"loc":{"start":{"line":3,"column":28},"end":{"line":12,"column":1}},"line":3},"1":{"name":"(anonymous_1)","decl":{"start":{"line":14,"column":14},"end":{"line":14,"column":15}},"loc":{"start":{"line":14,"column":22},"end":{"line":14,"column":71}},"line":14},"2":{"name":"(anonymous_2)","decl":{"start":{"line":15,"column":16},"end":{"line":15,"column":17}},"loc":{"start":{"line":15,"column":24},"end":{"line":15,"column":74}},"line":15},"3":{"name":"(anonymous_3)","decl":{"start":{"line":16,"column":14},"end":{"line":16,"column":15}},"loc":{"start":{"line":16,"column":22},"end":{"line":16,"column":70}},"line":16},"4":{"name":"parseExcelTemplate","decl":{"start":{"line":20,"column":16},"end":{"line":20,"column":34}},"loc":{"start":{"line":20,"column":47},"end":{"line":98,"column":1}},"line":20},"5":{"name":"(anonymous_5)","decl":{"start":{"line":91,"column":51},"end":{"line":91,"column":52}},"loc":{"start":{"line":91,"column":56},"end":{"line":91,"column":64}},"line":91}},"branchMap":{"0":{"loc":{"start":{"line":5,"column":8},"end":{"line":5,"column":95}},"type":"if","locations":[{"start":{"line":5,"column":8},"end":{"line":5,"column":95}},{"start":{},"end":{}}],"line":5},"1":{"loc":{"start":{"line":5,"column":12},"end":{"line":5,"column":77}},"type":"binary-expr","locations":[{"start":{"line":5,"column":12},"end":{"line":5,"column":35}},{"start":{"line":5,"column":39},"end":{"line":5,"column":57}},{"start":{"line":5,"column":61},"end":{"line":5,"column":77}}],"line":5},"2":{"loc":{"start":{"line":8,"column":12},"end":{"line":8,"column":126}},"type":"if","locations":[{"start":{"line":8,"column":12},"end":{"line":8,"column":126}},{"start":{},"end":{}}],"line":8},"3":{"loc":{"start":{"line":8,"column":16},"end":{"line":8,"column":109}},"type":"binary-expr","locations":[{"start":{"line":8,"column":16},"end":{"line":8,"column":43}},{"start":{"line":8,"column":47},"end":{"line":8,"column":69}},{"start":{"line":8,"column":73},"end":{"line":8,"column":90}},{"start":{"line":8,"column":94},"end":{"line":8,"column":109}}],"line":8},"4":{"loc":{"start":{"line":14,"column":22},"end":{"line":14,"column":71}},"type":"cond-expr","locations":[{"start":{"line":14,"column":40},"end":{"line":14,"column":64}},{"start":{"line":14,"column":67},"end":{"line":14,"column":71}}],"line":14},"5":{"loc":{"start":{"line":14,"column":40},"end":{"line":14,"column":64}},"type":"binary-expr","locations":[{"start":{"line":14,"column":40},"end":{"line":14,"column":56}},{"start":{"line":14,"column":60},"end":{"line":14,"column":64}}],"line":14},"6":{"loc":{"start":{"line":15,"column":24},"end":{"line":15,"column":74}},"type":"cond-expr","locations":[{"start":{"line":15,"column":54},"end":{"line":15,"column":67}},{"start":{"line":15,"column":70},"end":{"line":15,"column":74}}],"line":15},"7":{"loc":{"start":{"line":15,"column":24},"end":{"line":15,"column":51}},"type":"binary-expr","locations":[{"start":{"line":15,"column":24},"end":{"line":15,"column":39}},{"start":{"line":15,"column":43},"end":{"line":15,"column":51}}],"line":15},"8":{"loc":{"start":{"line":16,"column":22},"end":{"line":16,"column":70}},"type":"cond-expr","locations":[{"start":{"line":16,"column":52},"end":{"line":16,"column":63}},{"start":{"line":16,"column":66},"end":{"line":16,"column":70}}],"line":16},"9":{"loc":{"start":{"line":16,"column":22},"end":{"line":16,"column":49}},"type":"binary-expr","locations":[{"start":{"line":16,"column":22},"end":{"line":16,"column":37}},{"start":{"line":16,"column":41},"end":{"line":16,"column":49}}],"line":16},"10":{"loc":{"start":{"line":30,"column":8},"end":{"line":30,"column":32}},"type":"if","locations":[{"start":{"line":30,"column":8},"end":{"line":30,"column":32}},{"start":{},"end":{}}],"line":30},"11":{"loc":{"start":{"line":35,"column":8},"end":{"line":68,"column":9}},"type":"if","locations":[{"start":{"line":35,"column":8},"end":{"line":68,"column":9}},{"start":{},"end":{}}],"line":35},"12":{"loc":{"start":{"line":36,"column":12},"end":{"line":38,"column":13}},"type":"if","locations":[{"start":{"line":36,"column":12},"end":{"line":38,"column":13}},{"start":{},"end":{}}],"line":36},"13":{"loc":{"start":{"line":36,"column":16},"end":{"line":36,"column":44}},"type":"binary-expr","locations":[{"start":{"line":36,"column":16},"end":{"line":36,"column":28}},{"start":{"line":36,"column":32},"end":{"line":36,"column":44}}],"line":36},"14":{"loc":{"start":{"line":42,"column":24},"end":{"line":42,"column":102}},"type":"cond-expr","locations":[{"start":{"line":42,"column":33},"end":{"line":42,"column":95}},{"start":{"line":42,"column":98},"end":{"line":42,"column":102}}],"line":42},"15":{"loc":{"start":{"line":46,"column":29},"end":{"line":46,"column":120}},"type":"binary-expr","locations":[{"start":{"line":46,"column":29},"end":{"line":46,"column":107}},{"start":{"line":46,"column":111},"end":{"line":46,"column":120}}],"line":46},"16":{"loc":{"start":{"line":55,"column":33},"end":{"line":57,"column":26}},"type":"cond-expr","locations":[{"start":{"line":56,"column":22},"end":{"line":56,"column":98}},{"start":{"line":57,"column":22},"end":{"line":57,"column":26}}],"line":55},"17":{"loc":{"start":{"line":59,"column":26},"end":{"line":61,"column":24}},"type":"cond-expr","locations":[{"start":{"line":60,"column":22},"end":{"line":60,"column":94}},{"start":{"line":61,"column":22},"end":{"line":61,"column":24}}],"line":59},"18":{"loc":{"start":{"line":62,"column":37},"end":{"line":64,"column":24}},"type":"cond-expr","locations":[{"start":{"line":63,"column":22},"end":{"line":63,"column":82}},{"start":{"line":64,"column":22},"end":{"line":64,"column":24}}],"line":62},"19":{"loc":{"start":{"line":62,"column":37},"end":{"line":62,"column":52}},"type":"binary-expr","locations":[{"start":{"line":62,"column":37},"end":{"line":62,"column":45}},{"start":{"line":62,"column":49},"end":{"line":62,"column":52}}],"line":62},"20":{"loc":{"start":{"line":73,"column":8},"end":{"line":87,"column":9}},"type":"if","locations":[{"start":{"line":73,"column":8},"end":{"line":87,"column":9}},{"start":{},"end":{}}],"line":73},"21":{"loc":{"start":{"line":90,"column":8},"end":{"line":94,"column":9}},"type":"if","locations":[{"start":{"line":90,"column":8},"end":{"line":94,"column":9}},{"start":{},"end":{}}],"line":90}},"s":{"0":1,"1":195,"2":456,"3":55,"4":401,"5":401,"6":2120,"7":3,"8":137,"9":1,"10":111,"11":1,"12":66,"13":1,"14":8,"15":11,"16":11,"17":11,"18":11,"19":11,"20":12,"21":12,"22":1,"23":11,"24":11,"25":11,"26":10,"27":1,"28":9,"29":9,"30":9,"31":9,"32":10,"33":10,"34":10,"35":4,"36":10,"37":10,"38":1,"39":3,"40":3,"41":10},"f":{"0":195,"1":111,"2":66,"3":8,"4":11,"5":3},"b":{"0":[55,401],"1":[456,56,56],"2":[3,2117],"3":[2120,4,4,4],"4":[28,83],"5":[28,0],"6":[26,40],"7":[66,26],"8":[2,6],"9":[8,2],"10":[1,11],"11":[10,1],"12":[1,9],"13":[10,9],"14":[1,8],"15":[9,8],"16":[1,8],"17":[1,8],"18":[1,8],"19":[9,1],"20":[4,6],"21":[1,9]},"inputSourceMap":null,"_coverageSchema":"1a1c01bbd47fc00a2c39e90264f33305004495a9","hash":"fa21cd87deeb9f7dff5379def4f474708110ec0f"}
,"/Users/joshuacilliers/Documents/2026/University/IMY772/IMY772/backend/middleware/auth.middleware.js": {"path":"/Users/joshuacilliers/Documents/2026/University/IMY772/IMY772/backend/middleware/auth.middleware.js","statementMap":{"0":{"start":{"line":3,"column":18},"end":{"line":3,"column":70}},"1":{"start":{"line":10,"column":18},"end":{"line":10,"column":36}},"2":{"start":{"line":12,"column":4},"end":{"line":14,"column":5}},"3":{"start":{"line":13,"column":8},"end":{"line":13,"column":83}},"4":{"start":{"line":16,"column":4},"end":{"line":22,"column":5}},"5":{"start":{"line":17,"column":24},"end":{"line":17,"column":52}},"6":{"start":{"line":18,"column":8},"end":{"line":18,"column":26}},"7":{"start":{"line":19,"column":8},"end":{"line":19,"column":14}},"8":{"start":{"line":21,"column":8},"end":{"line":21,"column":90}},"9":{"start":{"line":30,"column":4},"end":{"line":32,"column":5}},"10":{"start":{"line":31,"column":8},"end":{"line":31,"column":84}},"11":{"start":{"line":34,"column":4},"end":{"line":34,"column":17}}},"fnMap":{"0":{"name":"requireAuth","decl":{"start":{"line":9,"column":16},"end":{"line":9,"column":27}},"loc":{"start":{"line":9,"column":44},"end":{"line":23,"column":1}},"line":9},"1":{"name":"requireAdmin","decl":{"start":{"line":29,"column":16},"end":{"line":29,"column":28}},"loc":{"start":{"line":29,"column":45},"end":{"line":35,"column":1}},"line":29}},"branchMap":{"0":{"loc":{"start":{"line":3,"column":18},"end":{"line":3,"column":70}},"type":"binary-expr","locations":[{"start":{"line":3,"column":18},"end":{"line":3,"column":40}},{"start":{"line":3,"column":44},"end":{"line":3,"column":70}}],"line":3},"1":{"loc":{"start":{"line":12,"column":4},"end":{"line":14,"column":5}},"type":"if","locations":[{"start":{"line":12,"column":4},"end":{"line":14,"column":5}},{"start":{},"end":{}}],"line":12},"2":{"loc":{"start":{"line":30,"column":4},"end":{"line":32,"column":5}},"type":"if","locations":[{"start":{"line":30,"column":4},"end":{"line":32,"column":5}},{"start":{},"end":{}}],"line":30},"3":{"loc":{"start":{"line":30,"column":8},"end":{"line":30,"column":46}},"type":"binary-expr","locations":[{"start":{"line":30,"column":8},"end":{"line":30,"column":17}},{"start":{"line":30,"column":21},"end":{"line":30,"column":46}}],"line":30}},"s":{"0":9,"1":125,"2":125,"3":12,"4":113,"5":113,"6":112,"7":112,"8":1,"9":39,"10":3,"11":36},"f":{"0":125,"1":39},"b":{"0":[9,9],"1":[12,113],"2":[3,36],"3":[39,38]},"inputSourceMap":null,"_coverageSchema":"1a1c01bbd47fc00a2c39e90264f33305004495a9","hash":"4c79740813353fb87552c682d87966c50617c4a8"}
,"/Users/joshuacilliers/Documents/2026/University/IMY772/IMY772/backend/routes/ai.routes.js": {"path":"/Users/joshuacilliers/Documents/2026/University/IMY772/IMY772/backend/routes/ai.routes.js","statementMap":{"0":{"start":{"line":3,"column":15},"end":{"line":3,"column":31}},"1":{"start":{"line":5,"column":22},"end":{"line":29,"column":131}},"2":{"start":{"line":32,"column":22},"end":{"line":55,"column":1}},"3":{"start":{"line":57,"column":22},"end":{"line":57,"column":93}},"4":{"start":{"line":60,"column":20},"end":{"line":68,"column":1}},"5":{"start":{"line":71,"column":18},"end":{"line":71,"column":43}},"6":{"start":{"line":72,"column":4},"end":{"line":72,"column":57}},"7":{"start":{"line":72,"column":30},"end":{"line":72,"column":57}},"8":{"start":{"line":74,"column":4},"end":{"line":76,"column":5}},"9":{"start":{"line":75,"column":8},"end":{"line":75,"column":47}},"10":{"start":{"line":75,"column":35},"end":{"line":75,"column":47}},"11":{"start":{"line":77,"column":4},"end":{"line":77,"column":15}},"12":{"start":{"line":81,"column":18},"end":{"line":81,"column":37}},"13":{"start":{"line":82,"column":20},"end":{"line":82,"column":22}},"14":{"start":{"line":85,"column":4},"end":{"line":89,"column":5}},"15":{"start":{"line":86,"column":8},"end":{"line":88,"column":9}},"16":{"start":{"line":87,"column":12},"end":{"line":87,"column":86}},"17":{"start":{"line":93,"column":25},"end":{"line":99,"column":5}},"18":{"start":{"line":102,"column":4},"end":{"line":133,"column":5}},"19":{"start":{"line":103,"column":25},"end":{"line":103,"column":33}},"20":{"start":{"line":104,"column":22},"end":{"line":104,"column":47}},"21":{"start":{"line":105,"column":25},"end":{"line":105,"column":40}},"22":{"start":{"line":107,"column":22},"end":{"line":107,"column":44}},"23":{"start":{"line":108,"column":8},"end":{"line":108,"column":28}},"24":{"start":{"line":108,"column":20},"end":{"line":108,"column":28}},"25":{"start":{"line":111,"column":8},"end":{"line":111,"column":113}},"26":{"start":{"line":111,"column":67},"end":{"line":111,"column":102}},"27":{"start":{"line":111,"column":105},"end":{"line":111,"column":113}},"28":{"start":{"line":114,"column":17},"end":{"line":114,"column":21}},"29":{"start":{"line":115,"column":8},"end":{"line":117,"column":9}},"30":{"start":{"line":116,"column":12},"end":{"line":116,"column":49}},"31":{"start":{"line":116,"column":34},"end":{"line":116,"column":41}},"32":{"start":{"line":116,"column":42},"end":{"line":116,"column":47}},"33":{"start":{"line":120,"column":8},"end":{"line":132,"column":9}},"34":{"start":{"line":121,"column":25},"end":{"line":121,"column":50}},"35":{"start":{"line":122,"column":12},"end":{"line":124,"column":13}},"36":{"start":{"line":123,"column":16},"end":{"line":123,"column":94}},"37":{"start":{"line":125,"column":15},"end":{"line":132,"column":9}},"38":{"start":{"line":126,"column":12},"end":{"line":126,"column":87}},"39":{"start":{"line":128,"column":24},"end":{"line":128,"column":44}},"40":{"start":{"line":129,"column":12},"end":{"line":131,"column":13}},"41":{"start":{"line":130,"column":16},"end":{"line":130,"column":55}},"42":{"start":{"line":135,"column":4},"end":{"line":135,"column":18}},"43":{"start":{"line":139,"column":16},"end":{"line":139,"column":125}},"44":{"start":{"line":141,"column":16},"end":{"line":152,"column":6}},"45":{"start":{"line":154,"column":4},"end":{"line":157,"column":5}},"46":{"start":{"line":155,"column":20},"end":{"line":155,"column":36}},"47":{"start":{"line":156,"column":8},"end":{"line":156,"column":61}},"48":{"start":{"line":159,"column":17},"end":{"line":159,"column":33}},"49":{"start":{"line":160,"column":20},"end":{"line":160,"column":67}},"50":{"start":{"line":161,"column":4},"end":{"line":161,"column":30}},"51":{"start":{"line":164,"column":0},"end":{"line":189,"column":2}},"52":{"start":{"line":165,"column":22},"end":{"line":165,"column":30}},"53":{"start":{"line":166,"column":4},"end":{"line":168,"column":5}},"54":{"start":{"line":167,"column":8},"end":{"line":167,"column":67}},"55":{"start":{"line":170,"column":19},"end":{"line":170,"column":45}},"56":{"start":{"line":173,"column":4},"end":{"line":180,"column":5}},"57":{"start":{"line":174,"column":8},"end":{"line":179,"column":9}},"58":{"start":{"line":175,"column":27},"end":{"line":175,"column":63}},"59":{"start":{"line":176,"column":12},"end":{"line":176,"column":35}},"60":{"start":{"line":178,"column":12},"end":{"line":178,"column":90}},"61":{"start":{"line":183,"column":20},"end":{"line":183,"column":42}},"62":{"start":{"line":184,"column":4},"end":{"line":186,"column":5}},"63":{"start":{"line":185,"column":8},"end":{"line":185,"column":36}},"64":{"start":{"line":188,"column":4},"end":{"line":188,"column":128}}},"fnMap":{"0":{"name":"resolveField","decl":{"start":{"line":70,"column":9},"end":{"line":70,"column":21}},"loc":{"start":{"line":70,"column":28},"end":{"line":78,"column":1}},"line":70},"1":{"name":"parseLocalQuery","decl":{"start":{"line":80,"column":9},"end":{"line":80,"column":24}},"loc":{"start":{"line":80,"column":32},"end":{"line":136,"column":1}},"line":80},"2":{"name":"(anonymous_2)","decl":{"start":{"line":111,"column":62},"end":{"line":111,"column":63}},"loc":{"start":{"line":111,"column":67},"end":{"line":111,"column":102}},"line":111},"3":{"name":"parseWithGemini","decl":{"start":{"line":138,"column":15},"end":{"line":138,"column":30}},"loc":{"start":{"line":138,"column":46},"end":{"line":162,"column":1}},"line":138},"4":{"name":"(anonymous_4)","decl":{"start":{"line":164,"column":23},"end":{"line":164,"column":24}},"loc":{"start":{"line":164,"column":43},"end":{"line":189,"column":1}},"line":164}},"branchMap":{"0":{"loc":{"start":{"line":72,"column":4},"end":{"line":72,"column":57}},"type":"if","locations":[{"start":{"line":72,"column":4},"end":{"line":72,"column":57}},{"start":{},"end":{}}],"line":72},"1":{"loc":{"start":{"line":75,"column":8},"end":{"line":75,"column":47}},"type":"if","locations":[{"start":{"line":75,"column":8},"end":{"line":75,"column":47}},{"start":{},"end":{}}],"line":75},"2":{"loc":{"start":{"line":86,"column":8},"end":{"line":88,"column":9}},"type":"if","locations":[{"start":{"line":86,"column":8},"end":{"line":88,"column":9}},{"start":{},"end":{}}],"line":86},"3":{"loc":{"start":{"line":104,"column":23},"end":{"line":104,"column":39}},"type":"binary-expr","locations":[{"start":{"line":104,"column":23},"end":{"line":104,"column":31}},{"start":{"line":104,"column":35},"end":{"line":104,"column":39}}],"line":104},"4":{"loc":{"start":{"line":108,"column":8},"end":{"line":108,"column":28}},"type":"if","locations":[{"start":{"line":108,"column":8},"end":{"line":108,"column":28}},{"start":{},"end":{}}],"line":108},"5":{"loc":{"start":{"line":111,"column":8},"end":{"line":111,"column":113}},"type":"if","locations":[{"start":{"line":111,"column":8},"end":{"line":111,"column":113}},{"start":{},"end":{}}],"line":111},"6":{"loc":{"start":{"line":111,"column":12},"end":{"line":111,"column":103}},"type":"binary-expr","locations":[{"start":{"line":111,"column":12},"end":{"line":111,"column":45}},{"start":{"line":111,"column":49},"end":{"line":111,"column":103}}],"line":111},"7":{"loc":{"start":{"line":116,"column":12},"end":{"line":116,"column":49}},"type":"if","locations":[{"start":{"line":116,"column":12},"end":{"line":116,"column":49}},{"start":{},"end":{}}],"line":116},"8":{"loc":{"start":{"line":120,"column":8},"end":{"line":132,"column":9}},"type":"if","locations":[{"start":{"line":120,"column":8},"end":{"line":132,"column":9}},{"start":{"line":125,"column":15},"end":{"line":132,"column":9}}],"line":120},"9":{"loc":{"start":{"line":122,"column":12},"end":{"line":124,"column":13}},"type":"if","locations":[{"start":{"line":122,"column":12},"end":{"line":124,"column":13}},{"start":{},"end":{}}],"line":122},"10":{"loc":{"start":{"line":122,"column":16},"end":{"line":122,"column":40}},"type":"binary-expr","locations":[{"start":{"line":122,"column":16},"end":{"line":122,"column":20}},{"start":{"line":122,"column":24},"end":{"line":122,"column":40}}],"line":122},"11":{"loc":{"start":{"line":125,"column":15},"end":{"line":132,"column":9}},"type":"if","locations":[{"start":{"line":125,"column":15},"end":{"line":132,"column":9}},{"start":{"line":127,"column":15},"end":{"line":132,"column":9}}],"line":125},"12":{"loc":{"start":{"line":126,"column":38},"end":{"line":126,"column":67}},"type":"cond-expr","locations":[{"start":{"line":126,"column":52},"end":{"line":126,"column":62}},{"start":{"line":126,"column":65},"end":{"line":126,"column":67}}],"line":126},"13":{"loc":{"start":{"line":129,"column":12},"end":{"line":131,"column":13}},"type":"if","locations":[{"start":{"line":129,"column":12},"end":{"line":131,"column":13}},{"start":{},"end":{}}],"line":129},"14":{"loc":{"start":{"line":154,"column":4},"end":{"line":157,"column":5}},"type":"if","locations":[{"start":{"line":154,"column":4}
[...]
line":91,"column":47},"end":{"line":91,"column":62}},{"start":{"line":91,"column":66},"end":{"line":91,"column":70}}],"line":91},"15":{"loc":{"start":{"line":92,"column":46},"end":{"line":92,"column":68}},"type":"binary-expr","locations":[{"start":{"line":92,"column":46},"end":{"line":92,"column":60}},{"start":{"line":92,"column":64},"end":{"line":92,"column":68}}],"line":92},"16":{"loc":{"start":{"line":93,"column":47},"end":{"line":93,"column":70}},"type":"binary-expr","locations":[{"start":{"line":93,"column":47},"end":{"line":93,"column":62}},{"start":{"line":93,"column":66},"end":{"line":93,"column":70}}],"line":93},"17":{"loc":{"start":{"line":94,"column":59},"end":{"line":94,"column":94}},"type":"binary-expr","locations":[{"start":{"line":94,"column":59},"end":{"line":94,"column":86}},{"start":{"line":94,"column":90},"end":{"line":94,"column":94}}],"line":94},"18":{"loc":{"start":{"line":95,"column":53},"end":{"line":95,"column":82}},"type":"binary-expr","locations":[{"start":{"line":95,"column":53},"end":{"line":95,"column":74}},{"start":{"line":95,"column":78},"end":{"line":95,"column":82}}],"line":95},"19":{"loc":{"start":{"line":96,"column":50},"end":{"line":96,"column":76}},"type":"binary-expr","locations":[{"start":{"line":96,"column":50},"end":{"line":96,"column":68}},{"start":{"line":96,"column":72},"end":{"line":96,"column":76}}],"line":96},"20":{"loc":{"start":{"line":97,"column":63},"end":{"line":97,"column":102}},"type":"binary-expr","locations":[{"start":{"line":97,"column":63},"end":{"line":97,"column":94}},{"start":{"line":97,"column":98},"end":{"line":97,"column":102}}],"line":97},"21":{"loc":{"start":{"line":102,"column":20},"end":{"line":111,"column":21}},"type":"if","locations":[{"start":{"line":102,"column":20},"end":{"line":111,"column":21}},{"start":{},"end":{}}],"line":102},"22":{"loc":{"start":{"line":106,"column":42},"end":{"line":106,"column":60}},"type":"binary-expr","locations":[{"start":{"line":106,"column":42},"end":{"line":106,"column":52}},{"start":{"line":106,"column":56},"end":{"line":106,"column":60}}],"line":106},"23":{"loc":{"start":{"line":107,"column":44},"end":{"line":107,"column":64}},"type":"binary-expr","locations":[{"start":{"line":107,"column":44},"end":{"line":107,"column":56}},{"start":{"line":107,"column":60},"end":{"line":107,"column":64}}],"line":107},"24":{"loc":{"start":{"line":108,"column":55},"end":{"line":108,"column":86}},"type":"binary-expr","locations":[{"start":{"line":108,"column":55},"end":{"line":108,"column":78}},{"start":{"line":108,"column":82},"end":{"line":108,"column":86}}],"line":108},"25":{"loc":{"start":{"line":113,"column":20},"end":{"line":120,"column":21}},"type":"if","locations":[{"start":{"line":113,"column":20},"end":{"line":120,"column":21}},{"start":{},"end":{}}],"line":113},"26":{"loc":{"start":{"line":124,"column":73},"end":{"line":124,"column":102}},"type":"cond-expr","locations":[{"start":{"line":124,"column":81},"end":{"line":124,"column":90}},{"start":{"line":124,"column":93},"end":{"line":124,"column":102}}],"line":124},"27":{"loc":{"start":{"line":131,"column":40},"end":{"line":131,"column":75}},"type":"binary-expr","locations":[{"start":{"line":131,"column":40},"end":{"line":131,"column":49}},{"start":{"line":131,"column":53},"end":{"line":131,"column":75}}],"line":131},"28":{"loc":{"start":{"line":132,"column":40},"end":{"line":132,"column":75}},"type":"binary-expr","locations":[{"start":{"line":132,"column":40},"end":{"line":132,"column":49}},{"start":{"line":132,"column":53},"end":{"line":132,"column":75}}],"line":132}},"s":{"0":1,"1":1,"2":1,"3":8,"4":1,"5":7,"6":7,"7":1,"8":6,"9":6,"10":1,"11":5,"12":1,"13":4,"14":4,"15":4,"16":4,"17":1,"18":4,"19":4,"20":4,"21":4,"22":4,"23":3,"24":3,"25":2,"26":1,"27":1,"28":2,"29":1,"30":1,"31":2,"32":1,"33":1,"34":2,"35":1,"36":1,"37":3,"38":1,"39":1,"40":4,"41":4,"42":4,"43":4,"44":4,"45":4,"46":4,"47":4,"48":3,"49":4,"50":1},"f":{"0":8,"1":4,"2":1,"3":3,"4":1,"5":1,"6":1,"7":1,"8":4,"9":4,"10":4,"11":4,"12":3,"13":4,"14":1},"b":{"0":[1,7],"1":[1,6],"2":[1,4],"3":[3,0],"4":[3,0],"5":[2,1],"6":[1,1],"7":[1,0],"8":[1,0],"9":[1,1],"10":[1,0],"11":[1,0],"12":[1,1],"13":[1,1],"14":[1,1],"15":[1,1],"16":[1,1],"17":[1,1],"18":[1,1],"19":[1,1],"20":[1,1],"21":[1,1],"22":[1,0],"23":[1,1],"24":[1,0],"25":[1,1],"26":[2,1],"27":[4,3],"28":[4,3]},"inputSourceMap":null,"_coverageSchema":"1a1c01bbd47fc00a2c39e90264f33305004495a9","hash":"031d88b94461fdd171707c43d31e1eb973bc066c"}
,"/Users/joshuacilliers/Documents/2026/University/IMY772/IMY772/backend/routes/virulence-genes.routes.js": {"path":"/Users/joshuacilliers/Documents/2026/University/IMY772/IMY772/backend/routes/virulence-genes.routes.js","statementMap":{"0":{"start":{"line":6,"column":15},"end":{"line":6,"column":23}},"1":{"start":{"line":9,"column":0},"end":{"line":83,"column":1}},"2":{"start":{"line":34,"column":23},"end":{"line":34,"column":44}},"3":{"start":{"line":35,"column":8},"end":{"line":37,"column":9}},"4":{"start":{"line":36,"column":12},"end":{"line":36,"column":65}},"5":{"start":{"line":51,"column":12},"end":{"line":51,"column":20}},"6":{"start":{"line":53,"column":8},"end":{"line":81,"column":9}},"7":{"start":{"line":54,"column":27},"end":{"line":54,"column":79}},"8":{"start":{"line":55,"column":12},"end":{"line":57,"column":13}},"9":{"start":{"line":56,"column":16},"end":{"line":56,"column":74}},"10":{"start":{"line":59,"column":34},"end":{"line":73,"column":14}},"11":{"start":{"line":74,"column":12},"end":{"line":74,"column":56}},"12":{"start":{"line":76,"column":12},"end":{"line":76,"column":62}},"13":{"start":{"line":77,"column":12},"end":{"line":79,"column":13}},"14":{"start":{"line":78,"column":16},"end":{"line":78,"column":123}},"15":{"start":{"line":80,"column":12},"end":{"line":80,"column":101}},"16":{"start":{"line":86,"column":0},"end":{"line":94,"column":2}},"17":{"start":{"line":87,"column":4},"end":{"line":93,"column":5}},"18":{"start":{"line":88,"column":31},"end":{"line":88,"column":131}},"19":{"start":{"line":89,"column":8},"end":{"line":89,"column":41}},"20":{"start":{"line":91,"column":8},"end":{"line":91,"column":56}},"21":{"start":{"line":92,"column":8},"end":{"line":92,"column":84}},"22":{"start":{"line":97,"column":0},"end":{"line":124,"column":1}},"23":{"start":{"line":107,"column":23},"end":{"line":107,"column":44}},"24":{"start":{"line":108,"column":8},"end":{"line":110,"column":9}},"25":{"start":{"line":109,"column":12},"end":{"line":109,"column":65}},"26":{"start":{"line":112,"column":28},"end":{"line":112,"column":38}},"27":{"start":{"line":113,"column":8},"end":{"line":122,"column":9}},"28":{"start":{"line":114,"column":35},"end":{"line":117,"column":14}},"29":{"start":{"line":118,"column":12},"end":{"line":118,"column":45}},"30":{"start":{"line":120,"column":12},"end":{"line":120,"column":60}},"31":{"start":{"line":121,"column":12},"end":{"line":121,"column":88}},"32":{"start":{"line":127,"column":0},"end":{"line":155,"column":1}},"33":{"start":{"line":135,"column":23},"end":{"line":135,"column":44}},"34":{"start":{"line":136,"column":8},"end":{"line":138,"column":9}},"35":{"start":{"line":137,"column":12},"end":{"line":137,"column":65}},"36":{"start":{"line":140,"column":36},"end":{"line":140,"column":46}},"37":{"start":{"line":141,"column":8},"end":{"line":153,"column":9}},"38":{"start":{"line":142,"column":34},"end":{"line":145,"column":14}},"39":{"start":{"line":146,"column":12},"end":{"line":148,"column":13}},"40":{"start":{"line":147,"column":16},"end":{"line":147,"column":82}},"41":{"start":{"line":149,"column":12},"end":{"line":149,"column":44}},"42":{"start":{"line":151,"column":12},"end":{"line":151,"column":59}},"43":{"start":{"line":152,"column":12},"end":{"line":152,"column":87}},"44":{"start":{"line":158,"column":0},"end":{"line":209,"column":1}},"45":{"start":{"line":177,"column":23},"end":{"line":177,"column":44}},"46":{"start":{"line":178,"column":8},"end":{"line":180,"column":9}},"47":{"start":{"line":179,"column":12},"end":{"line":179,"column":65}},"48":{"start":{"line":182,"column":36},"end":{"line":182,"column":46}},"49":{"start":{"line":183,"column":27},"end":{"line":183,"column":29}},"50":{"start":{"line":184,"column":8},"end":{"line":184,"column":93}},"51":{"start":{"line":184,"column":48},"end":{"line":184,"column":93}},"52":{"start":{"line":185,"column":8},"end":{"line":185,"column":78}},"53":{"start":{"line":185,"column":43},"end":{"line":185,"column":78}},"54":{"start":{"line":186,"column":8},"end":{"line":186,"column":120}},"55":{"start":{"line":186,"column":53},"end":{"line":186,"column":120}},"56":{"start":{"line":187,"column":8},"end":{"line":187,"column":120}},"57":{"start":{"line":187,"column":53},"end":{"line":187,"column":120}},"58":{"start":{"line":188,"column":8},"end":{"line":188,"column":162}},"59":{"start":{"line":188,"column":53},"end":{"line":188,"column":162}},"60":{"start":{"line":189,"column":8},"end":{"line":189,"column":150}},"61":{"start":{"line":189,"column":50},"end":{"line":189,"column":150}},"62":{"start":{"line":190,"column":8},"end":{"line":190,"column":154}},"63":{"start":{"line":190,"column":51},"end":{"line":190,"column":154}},"64":{"start":{"line":191,"column":8},"end":{"line":191,"column":87}},"65":{"start":{"line":191,"column":46},"end":{"line":191,"column":87}},"66":{"start":{"line":192,"column":8},"end":{"line":192,"column":99}},"67":{"start":{"line":192,"column":50},"end":{"line":192,"column":99}},"68":{"start":{"line":193,"column":8},"end":{"line":193,"column":96}},"69":{"start":{"line":193,"column":49},"end":{"line":193,"column":96}},"70":{"start":{"line":195,"column":8},"end":{"line":207,"column":9}},"71":{"start":{"line":196,"column":34},"end":{"line":199,"column":14}},"72":{"start":{"line":200,"column":12},"end":{"line":200,"column":44}},"73":{"start":{"line":202,"column":12},"end":{"line":204,"column":13}},"74":{"start":{"line":203,"column":16},"end":{"line":203,"column":82}},"75":{"start":{"line":205,"column":12},"end":{"line":205,"column":62}},"76":{"start":{"line":206,"column":12},"end":{"line":206,"column":85}},"77":{"start":{"line":212,"column":0},"end":{"line":238,"column":1}},"78":{"start":{"line":221,"column":23},"end":{"line":221,"column":44}},"79":{"start":{"line":222,"column":8},"end":{"line":224,"column":9}},"80":{"start":{"line":223,"column":12},"end":{"line":223,"column":65}},"81":{"start":{"line":226,"column":36},"end":{"line":226,"column":46}},"82":{"start":{"line":227,"column":8},"end":{"line":236,"column":9}},"83":{"start":{"line":228,"column":12},"end":{"line":228,"column":104}},"84":{"start":{"line":229,"column":12},"end":{"line":229,"column":77}},"85":{"start":{"line":231,"column":12},"end":{"line":233,"column":13}},"86":{"start":{"line":232,"column":16},"end":{"line":232,"column":82}},"87":{"start":{"line":234,"column":12},"end":{"line":234,"column":62}},"88":{"start":{"line":235,"column":12},"end":{"line":235,"column":85}}},"fnMap":{"0":{"name":"(anonymous_0)","decl":{"start":{"line":33,"column":4},"end":{"line":33,"column":5}},"loc":{"start":{"line":33,"column":24},"end":{"line":82,"column":5}},"line":33},"1":{"name":"(anonymous_1)","decl":{"start":{"line":86,"column":16},"end":{"line":86,"column":17}},"loc":{"start":{"line":86,"column":36},"end":{"line":94,"column":1}},"line":86},"2":{"name":"(anonymous_2)","decl":{"start":{"line":106,"column":4},"end":{"line":106,"column":5}},"loc":{"start":{"line":106,"column":24},"end":{"line":123,"column":5}},"line":106},"3":{"name":"(anonymous_3)","decl":{"start":{"line":134,"column":4},"end":{"line":134,"column":5}},"loc":{"start":{"line":134,"column":24},"end":{"line":154,"column":5}},"line":134},"4":{"name":"(anonymous_4)","decl":{"start":{"line":176,"column":4},"end":{"line":176,"column":5}},"loc":{"start":{"line":176,"column":24},"end":{"line":208,"column":5}},"line":176},"5":{"name":"(anonymous_5)","decl":{"start":{"line":220,"column":4},"end":{"line":220,"column":5}},"loc":{"start":{"line":220,"column":24},"end":{"line":237,"column":5}},"line":220}},"branchMap":{"0":{"loc":{"start":{"line":35,"column":8},"end":{"line":37,"column":9}},"type":"if","locations":[{"start":{"line":35,"column":8},"end":{"line":37,"column":9}},{"start":{},"end":{}}],"line":35},"1":{"loc":{"start":{"line":55,"column":12},"end":{"line":57,"column":13}},"type":"if","locations":[{"start":{"line":55,"column":12},"end":{"line":57,"column":13}},{"start":{},"end":{}}],"line":55},"2":{"loc":{"start":{"line":64,"column":38},"end":{"line":64,"column":92}},"type":"cond-expr","locations":[{"start":{"line":64,"column":57},"end":{"line":64,"column":85}},{"start":{"line":64,"column":88},"end":{"line":64,"column":92}}],"line":64},"3":{"loc":{"start":{"line":65,"column":38},"end":{"line":65,"column":92}},"type":"cond-expr","locations":[{"start":{"line":65,"column":57},"end":{"line":65,"column":85}},{"start":{"line":65,"column":88},"end":{"line":65,"column":92}}],"line":65},"4":{"loc":{"start":{"line":66,"column":38},"end":{"line":66,"column":133}},"type":"cond-expr","locations":[{"start":{"line":66,"column":100},"end":{"line":66,"column":126}},{"start":{"line":66,"column":129},"end":{"line":66,"column":133}}],"line":66},"5":{"loc":{"start":{"line":66,"column":38},"end":{"line":66,"column":97}},"type":"binary-expr","locations":[{"start":{"line":66,"column":38},"end":{"line":66,"column":68}},{"start":{"line":66,"column":72},"end":{"line":66,"column":97}}],"line":66},"6":{"loc":{"start":{"line":67,"column":35},"end":{"line":67,"column":121}},"type":"cond-expr","locations":[{"start":{"line":67,"column":91},"end":{"line":67,"column":114}},{"start":{"line":67,"column":117},"end":{"line":67,"column":121}}],"line":67},"7":{"loc":{"start":{"line":67,"column":35},"end":{"line":67,"column":88}},"type":"binary-expr","locations":[{"start":{"line":67,"column":35},"end":{"line":67,"column":62}},{"start":{"line":67,"column":66},"end":{"line":67,"column":88}}],"line":67},"8":{"loc":{"start":{"line":68,"column":36},"end":{"line":68,"column":125}},"type":"cond-expr","locations":[{"start":{"line":68,"column":94},"end":{"line":68,"column":118}},{"start":{"line":68,"column":121},"end":{"line":68,"column":125}}],"line":68},"9":{"loc":{"start":{"line":68,"column":36},"end":{"line":68,"column":91}},"type":"binary-expr","locations":[{"start":{"line":68,"column":36},"end":{"line":68,"column":64}},{"start":{"line":68,"column":68},"end":{"line":68,"column":91}}],"line":68},"10":{"loc":{"start":{"line":77,"column":12},"end":{"line":79,"column":13}},"type":"if","locations":[{"start":{"line":77,"column":12},"end":{"line":79,"column":13}},{"start":{},"end":{}}],"line":77},"11":{"loc":{"start":{"line":108,"column":8},"end":{"line":110,"column":9}},"type":"if","locations":[{"start":{"line":108,"column":8},"end":{"line":110,"column":9}},{"start":{},"end":{}}],"line":108},"12":{"loc":{"start":{"line":136,"column":8},"end":{"line":138,"column":9}},"type":"if","locations":[{"start":{"line":136,"column":8},"end":{"line":138,"column":9}},{"start":{},"end":{}}],"line":136},"13":{"loc":{"start":{"line":146,"column":12},"end":{"line":148,"column":13}},"type":"if","locations":[{"start":{"line":146,"column":12},"end":{"line":148,"column":13}},{"start":{},"end":{}}],"line":146},"14":{"loc":{"start":{"line":178,"column":8},"end":{"line":180,"column":9}},"type":"if","locations":[{"start":{"line":178,"column":8},"end":{"line":180,"column":9}},{"start":{},"end":{}}],"line":178},"15":{"loc":{"start":{"line":184,"column":8},"end":{"line":184,"column":93}},"type":"if","locations":[{"start":{"line":184,"column":8},"end":{"line":184,"column":93}},{"start":{},"end":{}}],"line":184},"16":{"loc":{"start":{"line":185,"column":8},"end":{"line":185,"column":78}},"type":"if","locations":[{"start":{"line":185,"column":8},"end":{"line":185,"column":78}},{"start":{},"end":{}}],"line":185},"17":{"loc":{"start":{"line":186,"column":8},"end":{"line":186,"column":120}},"type":"if","locations":[{"start":{"line":186,"column":8},"end":{"line":186,"column":120}},{"start":{},"end":{}}],"line":186},"18":{"loc":{"start":{"line":187,"column":8},"end":{"line":187,"column":120}},"type":"if","locations":[{"start":{"line":187,"column":8},"end":{"line":187,"column":120}},{"start":{},"end":{}}],"line":187},"19":{"loc":{"start":{"line":188,"column":8},"end":{"line":188,"column":162}},"type":"if","locations":[{"start":{"line":188,"column":8},"end":{"line":188,"column":162}},{"start":{},"end":{}}],"line":188},"20":{"loc":{"start":{"line":188,"column":83},"end":{"line":188,"column":162}},"type":"cond-expr","locations":[{"start":{"line":188,"column":120},"end":{"line":188,"column":155}},{"start":{"line":188,"column":158},"end":{"line":188,"column":162}}],"line":188},"21":{"loc":{"start":{"line":189,"column":8},"end":{"line":189,"column":150}},"type":"if","locations":[{"start":{"line":189,"column":8},"end":{"line":189,"column":150}},{"start":{},"end":{}}],"line":189},"22":{"loc":{"start":{"line":189,"column":77},"end":{"line":189,"column":150}},"type":"cond-expr","locations":[{"start":{"line":189,"column":111},"end":{"line":189,"column":143}},{"start":{"line":189,"column":146},"end":{"line":189,"column":150}}],"line":189},"23":{"loc":{"start":{"line":190,"column":8},"end":{"line":190,"column":154}},"type":"if","locations":[{"start":{"line":190,"column":8},"end":{"line":190,"column":154}},{"start":{},"end":{}}],"line":190},"24":{"loc":{"start":{"line":190,"column":79},"end":{"line":190,"column":154}},"type":"cond-expr","locations":[{"start":{"line":190,"column":114},"end":{"line":190,"column":147}},{"start":{"line":190,"column":150},"end":{"line":190,"column":154}}],"line":190},"25":{"loc":{"start":{"line":191,"column":8},"end":{"line":191,"column":87}},"type":"if","locations":[{"start":{"line":191,"column":8},"end":{"line":191,"column":87}},{"start":{},"end":{}}],"line":191},"26":{"loc":{"start":{"line":192,"column":8},"end":{"line":192,"column":99}},"type":"if","locations":[{"start":{"line":192,"column":8},"end":{"line":192,"column":99}},{"start":{},"end":{}}],"line":192},"27":{"loc":{"start":{"line":193,"column":8},"end":{"line":193,"column":96}},"type":"if","locations":[{"start":{"line":193,"column":8},"end":{"line":193,"column":96}},{"start":{},"end":{}}],"line":193},"28":{"loc":{"start":{"line":202,"column":12},"end":{"line":204,"column":13}},"type":"if","locations":[{"start":{"line":202,"column":12},"end":{"line":204,"column":13}},{"start":{},"end":{}}],"line":202},"29":{"loc":{"start":{"line":222,"column":8},"end":{"line":224,"column":9}},"type":"if","locations":[{"start":{"line":222,"column":8},"end":{"line":224,"column":9}},{"start":{},"end":{}}],"line":222},"30":{"loc":{"start":{"line":231,"column":12},"end":{"line":233,"column":13}},"type":"if","locations":[{"start":{"line":231,"column":12},"end":{"line":233,"column":13}},{"start":{},"end":{}}],"line":231}},"s":{"0":1,"1":1,"2":6,"3":6,"4":2,"5":4,"6":4,"7":4,"8":3,"9":1,"10":2,"11":1,"12":2,"13":2,"14":1,"15":1,"16":1,"17":2,"18":2,"19":1,"20":1,"21":1,"22":1,"23":2,"24":2,"25":0,"26":2,"27":2,"28":2,"29":1,"30":1,"31":1,"32":1,"33":4,"34":4,"35":1,"36":3,"37":3,"38":3,"39":2,"40":1,"41":1,"42":1,"43":1,"44":1,"45":5,"46":5,"47":1,"48":4,"49":4,"50":4,"51":2,"52":4,"53":1,"54":4,"55":1,"56":4,"57":1,"58":4,"59":1,"60":4,"61":1,"62":4,"63":1,"64":4,"65":0,"66":4,"67":0,"68":4,"69":0,"70":4,"71":4,"72":2,"73":2,"74":1,"75":1,"76":1,"77":1,"78":4,"79":4,"80":1,"81":3,"82":3,"83":3,"84":1,"85":2,"86":1,"87":1,"88":1},"f":{"0":6,"1":2,"2":2,"3":4,"4":5,"5":4},"b":{"0":[2,4],"1":[1,2],"2":[1,1],"3":[1,1],"4":[1,1],"5":[2,1],"6":[1,1],"7":[2,1],"8":[1,1],"9":[2,1],"10":[1,1],"11":[0,2],"12":[1,3],"13":[1,1],"14":[1,4],"15":[2,2],"16":[1,3],"17":[1,3],"18":[1,3],"19":[1,3],"20":[1,0],"21":[1,3],"22":[1,0],"23":[1,3],"24":[1,0],"25":[0,4],"26":[0,4],"27":[0,4],"28":[1,1],"29":[1,3],"30":[1,1]},"inputSourceMap":null,"_coverageSchema":"1a1c01bbd47fc00a2c39e90264f33305004495a9","hash":"609a2c0a859e8c3bddc6aad5b45e03fd6a362734"}
}
