{"/Users/joshuacilliers/Documents/2026/University/IMY772/group-project/IMY772/backend/middleware/auth.middleware.js": {"path":"/Users/joshuacilliers/Documents/2026/University/IMY772/group-project/IMY772/backend/middleware/auth.middleware.js","statementMap":{"0":{"start":{"line":3,"column":18},"end":{"line":3,"column":70}},"1":{"start":{"line":10,"column":18},"end":{"line":10,"column":36}},"2":{"start":{"line":12,"column":4},"end":{"line":14,"column":5}},"3":{"start":{"line":13,"column":8},"end":{"line":13,"column":83}},"4":{"start":{"line":16,"column":4},"end":{"line":22,"column":5}},"5":{"start":{"line":17,"column":24},"end":{"line":17,"column":52}},"6":{"start":{"line":18,"column":8},"end":{"line":18,"column":26}},"7":{"start":{"line":19,"column":8},"end":{"line":19,"column":14}},"8":{"start":{"line":21,"column":8},"end":{"line":21,"column":90}},"9":{"start":{"line":30,"column":4},"end":{"line":32,"column":5}},"10":{"start":{"line":31,"column":8},"end":{"line":31,"column":84}},"11":{"start":{"line":34,"column":4},"end":{"line":34,"column":17}}},"fnMap":{"0":{"name":"requireAuth","decl":{"start":{"line":9,"column":16},"end":{"line":9,"column":27}},"loc":{"start":{"line":9,"column":44},"end":{"line":23,"column":1}},"line":9},"1":{"name":"requireAdmin","decl":{"start":{"line":29,"column":16},"end":{"line":29,"column":28}},"loc":{"start":{"line":29,"column":45},"end":{"line":35,"column":1}},"line":29}},"branchMap":{"0":{"loc":{"start":{"line":3,"column":18},"end":{"line":3,"column":70}},"type":"binary-expr","locations":[{"start":{"line":3,"column":18},"end":{"line":3,"column":40}},{"start":{"line":3,"column":44},"end":{"line":3,"column":70}}],"line":3},"1":{"loc":{"start":{"line":12,"column":4},"end":{"line":14,"column":5}},"type":"if","locations":[{"start":{"line":12,"column":4},"end":{"line":14,"column":5}},{"start":{},"end":{}}],"line":12},"2":{"loc":{"start":{"line":30,"column":4},"end":{"line":32,"column":5}},"type":"if","locations":[{"start":{"line":30,"column":4},"end":{"line":32,"column":5}},{"start":{},"end":{}}],"line":30},"3":{"loc":{"start":{"line":30,"column":8},"end":{"line":30,"column":46}},"type":"binary-expr","locations":[{"start":{"line":30,"column":8},"end":{"line":30,"column":17}},{"start":{"line":30,"column":21},"end":{"line":30,"column":46}}],"line":30}},"s":{"0":5,"1":50,"2":50,"3":7,"4":43,"5":43,"6":42,"7":42,"8":1,"9":3,"10":2,"11":1},"f":{"0":50,"1":3},"b":{"0":[5,5],"1":[7,43],"2":[2,1],"3":[3,2]},"inputSourceMap":null,"_coverageSchema":"1a1c01bbd47fc00a2c39e90264f33305004495a9","hash":"ba07a5adc2df7d430e7da349dcd0cde42136624b"}
,"/Users/joshuacilliers/Documents/2026/University/IMY772/group-project/IMY772/backend/routes/amr-findings.routes.js": {"path":"/Users/joshuacilliers/Documents/2026/University/IMY772/group-project/IMY772/backend/routes/amr-findings.routes.js","statementMap":{"0":{"start":{"line":6,"column":15},"end":{"line":6,"column":23}},"1":{"start":{"line":9,"column":0},"end":{"line":54,"column":1}},"2":{"start":{"line":25,"column":23},"end":{"line":25,"column":44}},"3":{"start":{"line":26,"column":8},"end":{"line":28,"column":9}},"4":{"start":{"line":27,"column":12},"end":{"line":27,"column":65}},"5":{"start":{"line":30,"column":94},"end":{"line":30,"column":102}},"6":{"start":{"line":32,"column":8},"end":{"line":52,"column":9}},"7":{"start":{"line":33,"column":27},"end":{"line":33,"column":79}},"8":{"start":{"line":34,"column":12},"end":{"line":36,"column":13}},"9":{"start":{"line":35,"column":16},"end":{"line":35,"column":74}},"10":{"start":{"line":38,"column":31},"end":{"line":47,"column":14}},"11":{"start":{"line":48,"column":12},"end":{"line":48,"column":53}},"12":{"start":{"line":50,"column":12},"end":{"line":50,"column":59}},"13":{"start":{"line":51,"column":12},"end":{"line":51,"column":82}},"14":{"start":{"line":57,"column":0},"end":{"line":65,"column":2}},"15":{"start":{"line":58,"column":4},"end":{"line":64,"column":5}},"16":{"start":{"line":59,"column":28},"end":{"line":59,"column":87}},"17":{"start":{"line":60,"column":8},"end":{"line":60,"column":38}},"18":{"start":{"line":62,"column":8},"end":{"line":62,"column":53}},"19":{"start":{"line":63,"column":8},"end":{"line":63,"column":81}},"20":{"start":{"line":68,"column":0},"end":{"line":95,"column":1}},"21":{"start":{"line":78,"column":23},"end":{"line":78,"column":44}},"22":{"start":{"line":79,"column":8},"end":{"line":81,"column":9}},"23":{"start":{"line":80,"column":12},"end":{"line":80,"column":65}},"24":{"start":{"line":83,"column":28},"end":{"line":83,"column":38}},"25":{"start":{"line":84,"column":8},"end":{"line":93,"column":9}},"26":{"start":{"line":85,"column":32},"end":{"line":88,"column":14}},"27":{"start":{"line":89,"column":12},"end":{"line":89,"column":42}},"28":{"start":{"line":91,"column":12},"end":{"line":91,"column":57}},"29":{"start":{"line":92,"column":12},"end":{"line":92,"column":85}},"30":{"start":{"line":98,"column":0},"end":{"line":126,"column":1}},"31":{"start":{"line":106,"column":23},"end":{"line":106,"column":44}},"32":{"start":{"line":107,"column":8},"end":{"line":109,"column":9}},"33":{"start":{"line":108,"column":12},"end":{"line":108,"column":65}},"34":{"start":{"line":111,"column":25},"end":{"line":111,"column":35}},"35":{"start":{"line":112,"column":8},"end":{"line":124,"column":9}},"36":{"start":{"line":113,"column":31},"end":{"line":116,"column":14}},"37":{"start":{"line":117,"column":12},"end":{"line":119,"column":13}},"38":{"start":{"line":118,"column":16},"end":{"line":118,"column":79}},"39":{"start":{"line":120,"column":12},"end":{"line":120,"column":41}},"40":{"start":{"line":122,"column":12},"end":{"line":122,"column":56}},"41":{"start":{"line":123,"column":12},"end":{"line":123,"column":84}},"42":{"start":{"line":129,"column":0},"end":{"line":170,"column":1}},"43":{"start":{"line":143,"column":23},"end":{"line":143,"column":44}},"44":{"start":{"line":144,"column":8},"end":{"line":146,"column":9}},"45":{"start":{"line":145,"column":12},"end":{"line":145,"column":65}},"46":{"start":{"line":148,"column":25},"end":{"line":148,"column":35}},"47":{"start":{"line":149,"column":27},"end":{"line":149,"column":29}},"48":{"start":{"line":150,"column":8},"end":{"line":150,"column":99}},"49":{"start":{"line":150,"column":50},"end":{"line":150,"column":99}},"50":{"start":{"line":151,"column":8},"end":{"line":151,"column":93}},"51":{"start":{"line":151,"column":48},"end":{"line":151,"column":93}},"52":{"start":{"line":152,"column":8},"end":{"line":152,"column":90}},"53":{"start":{"line":152,"column":47},"end":{"line":152,"column":90}},"54":{"start":{"line":153,"column":8},"end":{"line":153,"column":78}},"55":{"start":{"line":153,"column":43},"end":{"line":153,"column":78}},"56":{"start":{"line":154,"column":8},"end":{"line":154,"column":120}},"57":{"start":{"line":154,"column":53},"end":{"line":154,"column":120}},"58":{"start":{"line":156,"column":8},"end":{"line":168,"column":9}},"59":{"start":{"line":157,"column":31},"end":{"line":160,"column":14}},"60":{"start":{"line":161,"column":12},"end":{"line":161,"column":41}},"61":{"start":{"line":163,"column":12},"end":{"line":165,"column":13}},"62":{"start":{"line":164,"column":16},"end":{"line":164,"column":79}},"63":{"start":{"line":166,"column":12},"end":{"line":166,"column":59}},"64":{"start":{"line":167,"column":12},"end":{"line":167,"column":82}},"65":{"start":{"line":173,"column":0},"end":{"line":199,"column":1}},"66":{"start":{"line":182,"column":23},"end":{"line":182,"column":44}},"67":{"start":{"line":183,"column":8},"end":{"line":185,"column":9}},"68":{"start":{"line":184,"column":12},"end":{"line":184,"column":65}},"69":{"start":{"line":187,"column":25},"end":{"line":187,"column":35}},"70":{"start":{"line":188,"column":8},"end":{"line":197,"column":9}},"71":{"start":{"line":189,"column":12},"end":{"line":189,"column":79}},"72":{"start":{"line":190,"column":12},"end":{"line":190,"column":74}},"73":{"start":{"line":192,"column":12},"end":{"line":194,"column":13}},"74":{"start":{"line":193,"column":16},"end":{"line":193,"column":79}},"75":{"start":{"line":195,"column":12},"end":{"line":195,"column":59}},"76":{"start":{"line":196,"column":12},"end":{"line":196,"column":82}}},"fnMap":{"0":{"name":"(anonymous_0)","decl":{"start":{"line":24,"column":4},"end":{"line":24,"column":5}},"loc":{"start":{"line":24,"column":24},"end":{"line":53,"column":5}},"line":24},"1":{"name":"(anonymous_1)","decl":{"start":{"line":57,"column":16},"end":{"line":57,"column":17}},"loc":{"start":{"line":57,"column":36},"end":{"line":65,"column":1}},"line":57},"2":{"name":"(anonymous_2)","decl":{"start":{"line":77,"column":4},"end":{"line":77,"column":5}},"loc":{"start":{"line":77,"column":24},"end":{"line":94,"column":5}},"line":77},"3":{"name":"(anonymous_3)","decl":{"start":{"line":105,"column":4},"end":{"line":105,"column":5}},"loc":{"start":{"line":105,"column":24},"end":{"line":125,"column":5}},"line":105},"4":{"name":"(anonymous_4)","decl":{"start":{"line":142,"column":4},"end":{"line":142,"column":5}},"loc":{"start":{"line":142,"column":24},"end":{"line":169,"column":5}},"line":142},"5":{"name":"(anonymous_5)","decl":{"start":{"line":181,"column":4},"end":{"line":181,"column":5}},"loc":{"start":{"line":181,"column":24},"end":{"line":198,"column":5}},"line":181}},"branchMap":{"0":{"loc":{"start":{"line":26,"column":8},"end":{"line":28,"column":9}},"type":"if","locations":[{"start":{"line":26,"column":8},"end":{"line":28,"column":9}},{"start":{},"end":{}}],"line":26},"1":{"loc":{"start":{"line":34,"column":12},"end":{"line":36,"column":13}},"type":"if","locations":[{"start":{"line":34,"column":12},"end":{"line":36,"column":13}},{"start":{},"end":{}}],"line":34},"2":{"loc":{"start":{"line":45,"column":38},"end":{"line":45,"column":92}},"type":"cond-expr","locations":[{"start":{"line":45,"column":57},"end":{"line":45,"column":85}},{"start":{"line":45,"column":88},"end":{"line":45,"column":92}}],"line":45},"3":{"loc":{"start":{"line":79,"column":8},"end":{"line":81,"column":9}},"type":"if","locations":[{"start":{"line":79,"column":8},"end":{"line":81,"column":9}},{"start":{},"end":{}}],"line":79},"4":{"loc":{"start":{"line":107,"column":8},"end":{"line":109,"column":9}},"type":"if","locations":[{"start":{"line":107,"column":8},"end":{"line":109,"column":9}},{"start":{},"end":{}}],"line":107},"5":{"loc":{"start":{"line":117,"column":12},"end":{"line":119,"column":13}},"type":"if","locations":[{"start":{"line":117,"column":12},"end":{"line":119,"column":13}},{"start":{},"end":{}}],"line":117},"6":{"loc":{"start":{"line":144,"column":8},"end":{"line":146,"column":9}},"type":"if","locations":[{"start":{"line":144,"column":8},"end":{"line":146,"column":9}},{"start":{},"end":{}}],"line":144},"7":{"loc":{"start":{"line":150,"column":8},"end":{"line":150,"column":99}},"type":"if","locations":[{"start":{"line":150,"column":8},"end":{"line":150,"column":99}},{"start":{},"end":{}}],"line":150},"8":{"loc":{"start":{"line":151,"column":8},"end":{"line":151,"column":93}},"type":"if","locations":[{"start":{"line":151,"column":8},"end":{"line":151,"column":93}},{"start":{},"end":{}}],"line":151},"9":{"loc":{"start":{"line":152,"column":8},"end":{"line":152,"column":90}},"type":"if","locations":[{"start":{"line":152,"column":8},"end":{"line":152,"column":90}},{"start":{},"end":{}}],"line":152},"10":{"loc":{"start":{"line":153,"column":8},"end":{"line":153,"column":78}},"type":"if","locations":[{"start":{"line":153,"column":8},"end":{"line":153,"column":78}},{"start":{},"end":{}}],"line":153},"11":{"loc":{"start":{"line":154,"column":8},"end":{"line":154,"column":120}},"type":"if","locations":[{"start":{"line":154,"column":8},"end":{"line":154,"column":120}},{"start":{},"end":{}}],"line":154},"12":{"loc":{"start":{"line":163,"column":12},"end":{"line":165,"column":13}},"type":"if","locations":[{"start":{"line":163,"column":12},"end":{"line":165,"column":13}},{"start":{},"end":{}}],"line":163},"13":{"loc":{"start":{"line":183,"column":8},"end":{"line":185,"column":9}},"type":"if","locations":[{"start":{"line":183,"column":8},"end":{"line":185,"column":9}},{"start":{},"end":{}}],"line":183},"14":{"loc":{"start":{"line":192,"column":12},"end":{"line":194,"column":13}},"type":"if","locations":[{"start":{"line":192,"column":12},"end":{"line":194,"column":13}},{"start":{},"end":{}}],"line":192}},"s":{"0":1,"1":1,"2":4,"3":4,"4":1,"5":3,"6":3,"7":3,"8":2,"9":1,"10":1,"11":1,"12":1,"13":1,"14":1,"15":2,"16":2,"17":1,"18":1,"19":1,"20":1,"21":2,"22":2,"23":0,"24":2,"25":2,"26":2,"27":1,"28":1,"29":1,"30":1,"31":5,"32":5,"33":2,"34":3,"35":3,"36":3,"37":2,"38":1,"39":1,"40":1,"41":1,"42":1,"43":7,"44":7,"45":0,"46":7,"47":7,"48":7,"49":1,"50":7,"51":2,"52":7,"53":1,"54":7,"55":2,"56":7,"57":1,"58":7,"59":7,"60":5,"61":2,"62":1,"63":1,"64":1,"65":1,"66":3,"67":3,"68":0,"69":3,"70":3,"71":3,"72":1,"73":2,"74":1,"75":1,"76":1},"f":{"0":4,"1":2,"2":2,"3":5,"4":7,"5":3},"b":{"0":[1,3],"1":[1,1],"2":[1,0],"3":[0,2],"4":[2,3],"5":[1,1],"6":[0,7],"7":[1,6],"8":[2,5],"9":[1,6],"10":[2,5],"11":[1,6],"12":[1,1],"13":[0,3],"14":[1,1]},"inputSourceMap":null,"_coverageSchema":"1a1c01bbd47fc00a2c39e90264f33305004495a9","hash":"9e47c1115774032bb3ad1bcebb6c81d451090984"}
,"/Users/joshuacilliers/Documents/2026/University/IMY772/group-project/IMY772/backend/routes/samples.routes.js": {"path":"/Users/joshuacilliers/Documents/2026/University/IMY772/group-project/IMY772/backend/routes/samples.routes.js","statementMap":{"0":{"start":{"line":7,"column":15},"end":{"line":7,"column":23}},"1":{"start":{"line":11,"column":0},"end":{"line":66,"column":1}},"2":{"start":{"line":28,"column":23},"end":{"line":28,"column":44}},"3":{"start":{"line":29,"column":8},"end":{"line":29,"column":84}},"4":{"start":{"line":29,"column":31},"end":{"line":29,"column":84}},"5":{"start":{"line":42,"column":12},"end":{"line":42,"column":20}},"6":{"start":{"line":44,"column":8},"end":{"line":64,"column":9}},"7":{"start":{"line":45,"column":27},"end":{"line":59,"column":14}},"8":{"start":{"line":60,"column":12},"end":{"line":60,"column":49}},"9":{"start":{"line":62,"column":12},"end":{"line":62,"column":54}},"10":{"start":{"line":63,"column":12},"end":{"line":63,"column":77}},"11":{"start":{"line":70,"column":0},"end":{"line":78,"column":2}},"12":{"start":{"line":71,"column":4},"end":{"line":77,"column":5}},"13":{"start":{"line":72,"column":24},"end":{"line":72,"column":54}},"14":{"start":{"line":73,"column":8},"end":{"line":73,"column":34}},"15":{"start":{"line":75,"column":8},"end":{"line":75,"column":48}},"16":{"start":{"line":76,"column":8},"end":{"line":76,"column":76}},"17":{"start":{"line":82,"column":0},"end":{"line":126,"column":1}},"18":{"start":{"line":97,"column":23},"end":{"line":97,"column":44}},"19":{"start":{"line":98,"column":8},"end":{"line":100,"column":9}},"20":{"start":{"line":99,"column":12},"end":{"line":99,"column":65}},"21":{"start":{"line":102,"column":55},"end":{"line":102,"column":63}},"22":{"start":{"line":104,"column":8},"end":{"line":124,"column":9}},"23":{"start":{"line":106,"column":36},"end":{"line":111,"column":14}},"24":{"start":{"line":113,"column":31},"end":{"line":118,"column":14}},"25":{"start":{"line":120,"column":12},"end":{"line":120,"column":41}},"26":{"start":{"line":122,"column":12},"end":{"line":122,"column":58}},"27":{"start":{"line":123,"column":12},"end":{"line":123,"column":81}},"28":{"start":{"line":130,"column":0},"end":{"line":155,"column":1}},"29":{"start":{"line":135,"column":23},"end":{"line":135,"column":44}},"30":{"start":{"line":136,"column":8},"end":{"line":136,"column":84}},"31":{"start":{"line":136,"column":31},"end":{"line":136,"column":84}},"32":{"start":{"line":138,"column":28},"end":{"line":138,"column":38}},"33":{"start":{"line":139,"column":8},"end":{"line":153,"column":9}},"34":{"start":{"line":140,"column":27},"end":{"line":147,"column":14}},"35":{"start":{"line":148,"column":12},"end":{"line":148,"column":83}},"36":{"start":{"line":148,"column":25},"end":{"line":148,"column":83}},"37":{"start":{"line":149,"column":12},"end":{"line":149,"column":37}},"38":{"start":{"line":151,"column":12},"end":{"line":151,"column":51}},"39":{"start":{"line":152,"column":12},"end":{"line":152,"column":79}},"40":{"start":{"line":159,"column":0},"end":{"line":202,"column":1}},"41":{"start":{"line":175,"column":23},"end":{"line":175,"column":44}},"42":{"start":{"line":176,"column":8},"end":{"line":176,"column":84}},"43":{"start":{"line":176,"column":31},"end":{"line":176,"column":84}},"44":{"start":{"line":178,"column":28},"end":{"line":178,"column":38}},"45":{"start":{"line":179,"column":27},"end":{"line":179,"column":29}},"46":{"start":{"line":180,"column":8},"end":{"line":180,"column":102}},"47":{"start":{"line":180,"column":47},"end":{"line":180,"column":102}},"48":{"start":{"line":181,"column":8},"end":{"line":181,"column":78}},"49":{"start":{"line":181,"column":39},"end":{"line":181,"column":78}},"50":{"start":{"line":182,"column":8},"end":{"line":182,"column":81}},"51":{"start":{"line":182,"column":40},"end":{"line":182,"column":81}},"52":{"start":{"line":183,"column":8},"end":{"line":183,"column":78}},"53":{"start":{"line":183,"column":39},"end":{"line":183,"column":78}},"54":{"start":{"line":184,"column":8},"end":{"line":184,"column":108}},"55":{"start":{"line":184,"column":53},"end":{"line":184,"column":108}},"56":{"start":{"line":185,"column":8},"end":{"line":185,"column":115}},"57":{"start":{"line":185,"column":52},"end":{"line":185,"column":115}},"58":{"start":{"line":186,"column":8},"end":{"line":186,"column":99}},"59":{"start":{"line":186,"column":50},"end":{"line":186,"column":99}},"60":{"start":{"line":187,"column":8},"end":{"line":187,"column":96}},"61":{"start":{"line":187,"column":45},"end":{"line":187,"column":96}},"62":{"start":{"line":188,"column":8},"end":{"line":188,"column":99}},"63":{"start":{"line":188,"column":46},"end":{"line":188,"column":99}},"64":{"start":{"line":190,"column":8},"end":{"line":200,"column":9}},"65":{"start":{"line":191,"column":27},"end":{"line":194,"column":14}},"66":{"start":{"line":195,"column":12},"end":{"line":195,"column":37}},"67":{"start":{"line":197,"column":12},"end":{"line":197,"column":96}},"68":{"start":{"line":197,"column":38},"end":{"line":197,"column":96}},"69":{"start":{"line":198,"column":12},"end":{"line":198,"column":54}},"70":{"start":{"line":199,"column":12},"end":{"line":199,"column":77}},"71":{"start":{"line":206,"column":0},"end":{"line":224,"column":1}},"72":{"start":{"line":211,"column":23},"end":{"line":211,"column":44}},"73":{"start":{"line":212,"column":8},"end":{"line":212,"column":84}},"74":{"start":{"line":212,"column":31},"end":{"line":212,"column":84}},"75":{"start":{"line":214,"column":28},"end":{"line":214,"column":38}},"76":{"start":{"line":215,"column":8},"end":{"line":222,"column":9}},"77":{"start":{"line":216,"column":12},"end":{"line":216,"column":60}},"78":{"start":{"line":217,"column":12},"end":{"line":217,"column":69}},"79":{"start":{"line":219,"column":12},"end":{"line":219,"column":96}},"80":{"start":{"line":219,"column":38},"end":{"line":219,"column":96}},"81":{"start":{"line":220,"column":12},"end":{"line":220,"column":54}},"82":{"start":{"line":221,"column":12},"end":{"line":221,"column":77}}},"fnMap":{"0":{"name":"(anonymous_0)","decl":{"start":{"line":26,"column":4},"end":{"line":26,"column":5}},"loc":{"start":{"line":26,"column":24},"end":{"line":65,"column":5}},"line":26},"1":{"name":"(anonymous_1)","decl":{"start":{"line":70,"column":16},"end":{"line":70,"column":17}},"loc":{"start":{"line":70,"column":36},"end":{"line":78,"column":1}},"line":70},"2":{"name":"(anonymous_2)","decl":{"start":{"line":96,"column":4},"end":{"line":96,"column":5}},"loc":{"start":{"line":96,"column":24},"end":{"line":125,"column":5}},"line":96},"3":{"name":"(anonymous_3)","decl":{"start":{"line":133,"column":4},"end":{"line":133,"column":5}},"loc":{"start":{"line":133,"column":24},"end":{"line":154,"column":5}},"line":133},"4":{"name":"(anonymous_4)","decl":{"start":{"line":173,"column":4},"end":{"line":173,"column":5}},"loc":{"start":{"line":173,"column":24},"end":{"line":201,"column":5}},"line":173},"5":{"name":"(anonymous_5)","decl":{"start":{"line":209,"column":4},"end":{"line":209,"column":5}},"loc":{"start":{"line":209,"column":24},"end":{"line":223,"column":5}},"line":209}},"branchMap":{"0":{"loc":{"start":{"line":29,"column":8},"end":{"line":29,"column":84}},"type":"if","locations":[{"start":{"line":29,"column":8},"end":{"line":29,"column":84}},{"start":{},"end":{}}],"line":29},"1":{"loc":{"start":{"line":48,"column":32},"end":{"line":48,"column":74}},"type":"cond-expr","locations":[{"start":{"line":48,"column":45},"end":{"line":48,"column":67}},{"start":{"line":48,"column":70},"end":{"line":48,"column":74}}],"line":48},"2":{"loc":{"start":{"line":49,"column":24},"end":{"line":49,"column":50}},"type":"cond-expr","locations":[{"start":{"line":49,"column":29},"end":{"line":49,"column":43}},{"start":{"line":49,"column":46},"end":{"line":49,"column":50}}],"line":49},"3":{"loc":{"start":{"line":50,"column":25},"end":{"line":50,"column":53}},"type":"cond-expr","locations":[{"start":{"line":50,"column":31},"end":{"line":50,"column":46}},{"start":{"line":50,"column":49},"end":{"line":50,"column":53}}],"line":50},"4":{"loc":{"start":{"line":51,"column":24},"end":{"line":51,"column":62}},"type":"cond-expr","locations":[{"start":{"line":51,"column":35},"end":{"line":51,"column":55}},{"start":{"line":51,"column":58},"end":{"line":51,"column":62}}],"line":51},"5":{"loc":{"start":{"line":53,"column":37},"end":{"line":53,"column":87}},"type":"cond-expr","locations":[{"start":{"line":53,"column":55},"end":{"line":53,"column":80}},{"start":{"line":53,"column":83},"end":{"line":53,"column":87}}],"line":53},"6":{"loc":{"start":{"line":98,"column":8},"end":{"line":100,"column":9}},"type":"if","locations":[{"start":{"line":98,"column":8},"end":{"line":100,"column":9}},{"start":{},"end":{}}],"line":98},"7":{"loc":{"start":{"line":136,"column":8},"end":{"line":136,"column":84}},"type":"if","locations":[{"start":{"line":136,"column":8},"end":{"line":136,"column":84}},{"start":{},"end":{}}],"line":136},"8":{"loc":{"start":{"line":148,"column":12},"end":{"line":148,"column":83}},"type":"if","locations":[{"start":{"line":148,"column":12},"end":{"line":148,"column":83}},{"start":{},"end":{}}],"line":148},"9":{"loc":{"start":{"line":176,"column":8},"end":{"line":176,"column":84}},"type":"if","locations":[{"start":{"line":176,"column":8},"end":{"line":176,"column":84}},{"start":{},"end":{}}],"line":176},"10":{"loc":{"start":{"line":180,"column":8},"end":{"line":180,"column":102}},"type":"if","locations":[{"start":{"line":180,"column":8},"end":{"line":180,"column":102}},{"start":{},"end":{}}],"line":180},"11":{"loc":{"start":{"line":181,"column":8},"end":{"line":181,"column":78}},"type":"if","locations":[{"start":{"line":181,"column":8},"end":{"line":181,"column":78}},{"start":{},"end":{}}],"line":181},"12":{"loc":{"start":{"line":182,"column":8},"end":{"line":182,"column":81}},"type":"if","locations":[{"start":{"line":182,"column":8},"end":{"line":182,"column":81}},{"start":{},"end":{}}],"line":182},"13":{"loc":{"start":{"line":183,"column":8},"end":{"line":183,"column":78}},"type":"if","locations":[{"start":{"line":183,"column":8},"end":{"line":183,"column":78}},{"start":{},"end":{}}],"line":183},"14":{"loc":{"start":{"line":184,"column":8},"end":{"line":184,"column":108}},"type":"if","locations":[{"start":{"line":184,"column":8},"end":{"line":184,"column":108}},{"start":{},"end":{}}],"line":184},"15":{"loc":{"start":{"line":185,"column":8},"end":{"line":185,"column":115}},"type":"if","locations":[{"start":{"line":185,"column":8},"end":{"line":185,"column":115}},{"start":{},"end":{}}],"line":185},"16":{"loc":{"start":{"line":186,"column":8},"end":{"line":186,"column":99}},"type":"if","locations":[{"start":{"line":186,"column":8},"end":{"line":186,"column":99}},{"start":{},"end":{}}],"line":186},"17":{"loc":{"start":{"line":187,"column":8},"end":{"line":187,"column":96}},"type":"if","locations":[{"start":{"line":187,"column":8},"end":{"line":187,"column":96}},{"start":{},"end":{}}],"line":187},"18":{"loc":{"start":{"line":188,"column":8},"end":{"line":188,"column":99}},"type":"if","locations":[{"start":{"line":188,"column":8},"end":{"line":188,"column":99}},{"start":{},"end":{}}],"line":188},"19":{"loc":{"start":{"line":197,"column":12},"end":{"line":197,"column":96}},"type":"if","locations":[{"start":{"line":197,"column":12},"end":{"line":197,"column":96}},{"start":{},"end":{}}],"line":197},"20":{"loc":{"start":{"line":212,"column":8},"end":{"line":212,"column":84}},"type":"if","locations":[{"start":{"line":212,"column":8},"end":{"line":212,"column":84}},{"start":{},"end":{}}],"line":212},"21":{"loc":{"start":{"line":219,"column":12},"end":{"line":219,"column":96}},"type":"if","locations":[{"start":{"line":219,"column":12},"end":{"line":219,"column":96}},{"start":{},"end":{}}],"line":219}},"s":{"0":1,"1":1,"2":5,"3":5,"4":2,"5":3,"6":3,"7":3,"8":2,"9":1,"10":1,"11":1,"12":3,"13":3,"14":2,"15":1,"16":1,"17":1,"18":3,"19":3,"20":1,"21":2,"22":2,"23":2,"24":1,"25":1,"26":1,"27":1,"28":1,"29":4,"30":4,"31":0,"32":4,"33":4,"34":4,"35":3,"36":2,"37":1,"38":1,"39":1,"40":1,"41":6,"42":6,"43":1,"44":5,"45":5,"46":5,"47":1,"48":5,"49":2,"50":5,"51":1,"52":5,"53":1,"54":5,"55":1,"56":5,"57":1,"58":5,"59":1,"60":5,"61":3,"62":5,"63":2,"64":5,"65":5,"66":2,"67":3,"68":2,"69":1,"70":1,"71":1,"72":4,"73":4,"74":0,"75":4,"76":4,"77":4,"78":1,"79":3,"80":2,"81":1,"82":1},"f":{"0":5,"1":3,"2":3,"3":4,"4":6,"5":4},"b":{"0":[2,3],"1":[1,2],"2":[1,2],"3":[1,2],"4":[1,2],"5":[1,2],"6":[1,2],"7":[0,4],"8":[2,1],"9":[1,5],"10":[1,4],"11":[2,3],"12":[1,4],"13":[1,4],"14":[1,4],"15":[1,4],"16":[1,4],"17":[3,2],"18":[2,3],"19":[2,1],"20":[0,4],"21":[2,1]},"inputSourceMap":null,"_coverageSchema":"1a1c01bbd47fc00a2c39e90264f33305004495a9","hash":"997ed5385186ff0b2c228960822ae1d534b99344"}
}
