TN:
SF:middleware/auth.middleware.js
FN:9,requireAuth
FN:29,requireAdmin
FNF:2
FNH:2
FNDA:9,requireAuth
FNDA:3,requireAdmin
DA:3,2
DA:10,9
DA:12,9
DA:13,1
DA:16,8
DA:17,8
DA:18,7
DA:19,7
DA:21,1
DA:30,3
DA:31,2
DA:34,1
LF:12
LH:12
BRDA:3,0,0,2
BRDA:3,0,1,2
BRDA:12,1,0,1
BRDA:12,1,1,8
BRDA:30,2,0,2
BRDA:30,2,1,1
BRDA:30,3,0,3
BRDA:30,3,1,2
BRF:8
BRH:8
end_of_record
TN:
SF:routes/auth.routes.js
FN:58,(anonymous_0)
FN:70,issueTokenCookie
FN:85,safeUser
FN:90,getUserIdFromCookie
FN:102,parsePositiveInt
FN:111,toPublicUser
FN:122,toAuthenticatedUser
FN:132,getProfileImageDataUrl
FN:141,buildProfilePayload
FN:165,handleProfileImageUpload
FN:166,(anonymous_10)
FN:184,processProfileImageUpload
FN:231,normalizeStringArray
FN:234,(anonymous_13)
FN:238,normalizeEntryArray
FN:240,(anonymous_15)
FN:251,findOrCreateGoogleUser
FN:284,(anonymous_17)
FN:327,(anonymous_18)
FN:362,(anonymous_19)
FN:369,(anonymous_20)
FN:408,(anonymous_21)
FN:448,(anonymous_22)
FN:492,(anonymous_23)
FN:499,(anonymous_24)
FN:549,(anonymous_25)
FN:597,(anonymous_26)
FN:647,(anonymous_27)
FN:690,(anonymous_28)
FNF:29
FNH:29
FNDA:7,(anonymous_0)
FNDA:6,issueTokenCookie
FNDA:4,safeUser
FNDA:29,getUserIdFromCookie
FNDA:4,parsePositiveInt
FNDA:4,toPublicUser
FNDA:2,toAuthenticatedUser
FNDA:10,getProfileImageDataUrl
FNDA:8,buildProfilePayload
FNDA:9,handleProfileImageUpload
FNDA:9,(anonymous_10)
FNDA:5,processProfileImageUpload
FNDA:3,normalizeStringArray
FNDA:3,(anonymous_13)
FNDA:6,normalizeEntryArray
FNDA:2,(anonymous_15)
FNDA:2,findOrCreateGoogleUser
FNDA:5,(anonymous_17)
FNDA:5,(anonymous_18)
FNDA:1,(anonymous_19)
FNDA:5,(anonymous_20)
FNDA:6,(anonymous_21)
FNDA:6,(anonymous_22)
FNDA:1,(anonymous_23)
FNDA:1,(anonymous_24)
FNDA:5,(anonymous_25)
FNDA:7,(anonymous_26)
FNDA:5,(anonymous_27)
FNDA:7,(anonymous_28)
DA:10,1
DA:11,1
DA:12,1
DA:13,1
DA:14,1
DA:15,1
DA:17,1
DA:26,1
DA:32,1
DA:37,1
DA:45,1
DA:53,1
DA:59,7
DA:60,1
DA:61,1
DA:64,6
DA:71,6
DA:75,6
DA:82,6
DA:86,4
DA:87,4
DA:91,29
DA:92,29
DA:94,24
DA:95,24
DA:96,23
DA:98,1
DA:103,4
DA:104,4
DA:105,1
DA:108,3
DA:112,4
DA:123,2
DA:125,2
DA:133,10
DA:134,7
DA:137,3
DA:138,3
DA:142,8
DA:143,8
DA:145,8
DA:158,8
DA:159,7
DA:162,8
DA:166,9
DA:167,9
DA:168,7
DA:169,7
DA:172,2
DA:173,1
DA:178,1
DA:185,5
DA:186,0
DA:189,5
DA:190,5
DA:191,5
DA:193,5
DA:194,0
DA:197,5
DA:202,5
DA:203,4
DA:210,4
DA:217,1
DA:224,1
DA:232,3
DA:233,3
DA:234,3
DA:239,6
DA:240,6
DA:252,2
DA:257,2
DA:258,1
DA:269,2
DA:274,1
DA:285,5
DA:286,5
DA:287,2
DA:290,3
DA:292,3
DA:293,3
DA:298,2
DA:299,1
DA:302,1
DA:304,1
DA:309,1
DA:311,1
DA:313,1
DA:314,1
DA:321,1
DA:328,5
DA:329,5
DA:330,1
DA:333,4
DA:335,4
DA:336,4
DA:341,3
DA:342,1
DA:345,2
DA:346,2
DA:347,1
DA:350,1
DA:352,1
DA:354,1
DA:355,1
DA:362,1
DA:363,1
DA:364,1
DA:369,1
DA:370,5
DA:372,5
DA:373,1
DA:376,4
DA:377,4
DA:380,3
DA:381,3
DA:386,1
DA:387,0
DA:390,1
DA:396,3
DA:397,1
DA:400,2
DA:402,1
DA:408,1
DA:409,6
DA:410,6
DA:411,2
DA:414,4
DA:417,4
DA:418,4
DA:423,2
DA:424,1
DA:427,1
DA:433,3
DA:434,1
DA:437,2
DA:441,1
DA:442,1
DA:448,1
DA:449,6
DA:450,6
DA:451,1
DA:463,5
DA:465,5
DA:466,5
DA:467,5
DA:469,5
DA:470,1
DA:473,4
DA:474,4
DA:478,4
DA:479,1
DA:482,3
DA:489,3
DA:492,1
DA:499,1
DA:510,3
DA:511,3
DA:520,2
DA:521,1
DA:524,1
DA:531,2
DA:537,2
DA:542,1
DA:543,1
DA:549,1
DA:550,5
DA:551,5
DA:552,1
DA:555,4
DA:556,4
DA:557,1
DA:560,3
DA:563,3
DA:564,3
DA:569,2
DA:570,1
DA:573,1
DA:579,2
DA:580,1
DA:583,1
DA:590,1
DA:591,1
DA:597,1
DA:598,7
DA:599,7
DA:600,1
DA:603,6
DA:604,1
DA:607,5
DA:608,5
DA:610,5
DA:621,2
DA:626,3
DA:627,1
DA:632,2
DA:633,1
DA:636,1
DA:637,0
DA:640,1
DA:641,1
DA:647,1
DA:648,5
DA:649,5
DA:650,1
DA:653,4
DA:654,4
DA:665,1
DA:670,3
DA:671,1
DA:676,2
DA:677,1
DA:680,1
DA:681,1
DA:690,1
DA:691,7
DA:693,7
DA:694,1
DA:697,6
DA:700,6
DA:701,2
DA:706,1
DA:708,4
DA:714,4
DA:715,1
DA:718,3
DA:721,4
DA:722,1
DA:725,3
DA:726,1
DA:729,2
DA:731,2
DA:733,2
DA:735,1
DA:736,1
LF:234
LH:230
BRDA:12,0,0,1
BRDA:12,0,1,1
BRDA:59,1,0,1
BRDA:59,1,1,6
BRDA:72,2,0,6
BRDA:72,2,1,6
BRDA:92,3,0,5
BRDA:92,3,1,24
BRDA:104,4,0,1
BRDA:104,4,1,3
BRDA:104,5,0,4
BRDA:104,5,1,4
BRDA:133,6,0,7
BRDA:133,6,1,3
BRDA:133,7,0,10
BRDA:133,7,1,3
BRDA:141,8,0,7
BRDA:142,9,0,7
BRDA:142,10,0,7
BRDA:146,11,0,1
BRDA:146,11,1,7
BRDA:150,12,0,8
BRDA:150,12,1,7
BRDA:151,13,0,7
BRDA:151,13,1,1
BRDA:152,14,0,7
BRDA:152,14,1,1
BRDA:153,15,0,7
BRDA:153,15,1,1
BRDA:158,16,0,7
BRDA:158,16,1,1
BRDA:167,17,0,7
BRDA:167,17,1,2
BRDA:172,18,0,1
BRDA:172,18,1,1
BRDA:172,19,0,2
BRDA:172,19,1,1
BRDA:179,20,0,1
BRDA:179,20,1,0
BRDA:185,21,0,0
BRDA:185,21,1,5
BRDA:193,22,0,0
BRDA:193,22,1,5
BRDA:193,23,0,5
BRDA:193,23,1,4
BRDA:202,24,0,4
BRDA:202,24,1,1
BRDA:232,25,0,0
BRDA:232,25,1,3
BRDA:234,26,0,3
BRDA:234,26,1,2
BRDA:239,27,0,0
BRDA:239,27,1,6
BRDA:241,28,0,2
BRDA:241,28,1,1
BRDA:242,29,0,2
BRDA:242,29,1,1
BRDA:243,30,0,2
BRDA:243,30,1,2
BRDA:244,31,0,2
BRDA:244,31,1,1
BRDA:245,32,0,2
BRDA:245,32,1,1
BRDA:246,33,0,2
BRDA:246,33,1,0
BRDA:247,34,0,2
BRDA:247,34,1,1
BRDA:257,35,0,1
BRDA:257,35,1,1
BRDA:260,36,0,1
BRDA:260,36,1,0
BRDA:261,37,0,1
BRDA:261,37,1,0
BRDA:286,38,0,2
BRDA:286,38,1,3
BRDA:298,39,0,1
BRDA:298,39,1,1
BRDA:329,40,0,1
BRDA:329,40,1,4
BRDA:341,41,0,1
BRDA:341,41,1,2
BRDA:346,42,0,1
BRDA:346,42,1,1
BRDA:372,43,0,1
BRDA:372,43,1,4
BRDA:386,44,0,0
BRDA:386,44,1,1
BRDA:396,45,0,1
BRDA:396,45,1,2
BRDA:410,46,0,2
BRDA:410,46,1,4
BRDA:423,47,0,1
BRDA:423,47,1,1
BRDA:433,48,0,1
BRDA:433,48,1,2
BRDA:450,49,0,1
BRDA:450,49,1,5
BRDA:455,50,0,0
BRDA:456,51,0,0
BRDA:457,52,0,4
BRDA:458,53,0,0
BRDA:459,54,0,4
BRDA:460,55,0,4
BRDA:461,56,0,4
BRDA:462,57,0,4
BRDA:463,58,0,5
BRDA:463,58,1,0
BRDA:469,59,0,1
BRDA:469,59,1,4
BRDA:469,60,0,5
BRDA:469,60,1,4
BRDA:469,60,2,4
BRDA:478,61,0,1
BRDA:478,61,1,3
BRDA:478,62,0,4
BRDA:478,62,1,3
BRDA:485,63,0,3
BRDA:485,63,1,0
BRDA:485,64,0,3
BRDA:485,64,1,0
BRDA:490,65,0,3
BRDA:490,65,1,2
BRDA:520,66,0,1
BRDA:520,66,1,1
BRDA:551,67,0,1
BRDA:551,67,1,4
BRDA:556,68,0,1
BRDA:556,68,1,3
BRDA:569,69,0,1
BRDA:569,69,1,1
BRDA:579,70,0,1
BRDA:579,70,1,1
BRDA:599,71,0,1
BRDA:599,71,1,6
BRDA:603,72,0,1
BRDA:603,72,1,5
BRDA:626,73,0,1
BRDA:626,73,1,2
BRDA:632,74,0,1
BRDA:632,74,1,1
BRDA:636,75,0,0
BRDA:636,75,1,1
BRDA:649,76,0,1
BRDA:649,76,1,4
BRDA:670,77,0,1
BRDA:670,77,1,2
BRDA:676,78,0,1
BRDA:676,78,1,1
BRDA:693,79,0,1
BRDA:693,79,1,6
BRDA:693,80,0,7
BRDA:693,80,1,5
BRDA:700,81,0,2
BRDA:700,81,1,4
BRDA:714,82,0,1
BRDA:714,82,1,3
BRDA:721,83,0,1
BRDA:721,83,1,3
BRDA:725,84,0,1
BRDA:725,84,1,2
BRF:160
BRH:144
end_of_record
TN:
SF:routes/samples.routes.js
FN:28,(anonymous_0)
FN:34,(anonymous_1)
FN:85,(anonymous_2)
FN:101,(anonymous_3)
FN:147,(anonymous_4)
FN:153,(anonymous_5)
FN:198,(anonymous_6)
FNF:7
FNH:7
FNDA:2,(anonymous_0)
FNDA:6,(anonymous_1)
FNDA:3,(anonymous_2)
FNDA:4,(anonymous_3)
FNDA:3,(anonymous_4)
FNDA:6,(anonymous_5)
FNDA:4,(anonymous_6)
DA:6,1
DA:10,1
DA:29,2
DA:30,2
DA:35,6
DA:36,6
DA:37,3
DA:54,3
DA:56,3
DA:57,3
DA:75,2
DA:77,1
DA:78,1
DA:85,1
DA:86,3
DA:87,3
DA:89,2
DA:91,1
DA:92,1
DA:98,1
DA:102,4
DA:103,4
DA:104,1
DA:107,3
DA:109,3
DA:110,3
DA:114,2
DA:115,1
DA:118,1
DA:120,1
DA:121,1
DA:128,1
DA:148,3
DA:149,3
DA:154,6
DA:155,6
DA:156,2
DA:159,4
DA:160,4
DA:163,4
DA:164,4
DA:165,4
DA:166,4
DA:167,4
DA:168,4
DA:169,4
DA:170,4
DA:171,4
DA:172,4
DA:173,4
DA:174,4
DA:176,4
DA:177,4
DA:182,2
DA:184,2
DA:185,1
DA:187,1
DA:188,1
DA:195,1
DA:199,4
DA:200,4
DA:201,1
DA:204,3
DA:206,3
DA:207,3
DA:211,1
DA:213,2
DA:214,1
DA:216,1
DA:217,1
LF:70
LH:70
BRDA:36,0,0,3
BRDA:36,0,1,3
BRDA:59,1,0,1
BRDA:59,1,1,2
BRDA:60,2,0,1
BRDA:60,2,1,2
BRDA:61,3,0,1
BRDA:61,3,1,2
BRDA:62,4,0,1
BRDA:62,4,1,2
BRDA:65,5,0,1
BRDA:65,5,1,2
BRDA:103,6,0,1
BRDA:103,6,1,3
BRDA:114,7,0,1
BRDA:114,7,1,1
BRDA:155,8,0,2
BRDA:155,8,1,4
BRDA:163,9,0,1
BRDA:163,9,1,3
BRDA:164,10,0,2
BRDA:164,10,1,2
BRDA:165,11,0,1
BRDA:165,11,1,3
BRDA:166,12,0,1
BRDA:166,12,1,3
BRDA:167,13,0,1
BRDA:167,13,1,3
BRDA:168,14,0,1
BRDA:168,14,1,3
BRDA:169,15,0,1
BRDA:169,15,1,3
BRDA:170,16,0,1
BRDA:170,16,1,3
BRDA:171,17,0,2
BRDA:171,17,1,2
BRDA:172,18,0,2
BRDA:172,18,1,2
BRDA:173,19,0,1
BRDA:173,19,1,3
BRDA:174,20,0,2
BRDA:174,20,1,2
BRDA:184,21,0,1
BRDA:184,21,1,1
BRDA:200,22,0,1
BRDA:200,22,1,3
BRDA:213,23,0,1
BRDA:213,23,1,1
BRF:48
BRH:48
end_of_record
