TN:
SF:lib/sample-field-parser.js
FN:24,(anonymous_0)
FN:28,(anonymous_1)
FN:35,aliasScore
FN:46,coerceNumber
FN:57,coerceDate
FN:59,(anonymous_5)
FN:77,(anonymous_6)
FN:87,coerceAnalysis
FN:94,coerceValue
FN:112,(anonymous_9)
FN:113,(anonymous_10)
FN:119,clusterRows
FN:121,(anonymous_12)
FN:122,(anonymous_13)
FN:126,(anonymous_14)
FN:138,(anonymous_15)
FN:140,(anonymous_16)
FN:145,(anonymous_17)
FN:155,findLabel
FN:159,(anonymous_19)
FN:163,(anonymous_20)
FN:190,(anonymous_21)
FN:191,(anonymous_22)
FN:194,firstCell
FN:212,isExactishFieldLabel
FN:215,(anonymous_25)
FN:227,valueCandidates
FN:235,(anonymous_27)
FN:246,(anonymous_28)
FN:262,extractFieldsFromWords
FN:266,extractFieldsFromRows
FN:275,(anonymous_31)
FN:319,(anonymous_32)
FN:327,labelScore
FN:339,matchSpanInRow
FN:345,(anonymous_35)
FN:367,(anonymous_36)
FN:373,findHeaderRow
FN:375,(anonymous_38)
FN:393,extractRecordTable
FN:439,(anonymous_40)
FN:443,(anonymous_41)
FN:444,(anonymous_42)
FN:452,extractGeneList
FN:460,(anonymous_44)
FN:463,(anonymous_45)
FN:475,extractAllFromWords
FN:497,findSampleHeaderRow
FN:499,(anonymous_48)
FN:524,extractSampleRows
FNF:50
FNH:49
FNDA:11,(anonymous_0)
FNDA:5184,(anonymous_1)
FNDA:5874,aliasScore
FNDA:32,coerceNumber
FNDA:5,coerceDate
FNDA:6,(anonymous_5)
FNDA:27,(anonymous_6)
FNDA:4,coerceAnalysis
FNDA:50,coerceValue
FNDA:587,(anonymous_9)
FNDA:121,(anonymous_10)
FNDA:17,clusterRows
FNDA:121,(anonymous_12)
FNDA:106,(anonymous_13)
FNDA:106,(anonymous_14)
FNDA:229,(anonymous_15)
FNDA:51,(anonymous_16)
FNDA:30,(anonymous_17)
FNDA:154,findLabel
FNDA:352,(anonymous_19)
FNDA:3223,(anonymous_20)
FNDA:21,(anonymous_21)
FNDA:27,(anonymous_22)
FNDA:30,firstCell
FNDA:26,isExactishFieldLabel
FNDA:796,(anonymous_25)
FNDA:30,valueCandidates
FNDA:30,(anonymous_27)
FNDA:87,(anonymous_28)
FNDA:11,extractFieldsFromWords
FNDA:14,extractFieldsFromRows
FNDA:42,(anonymous_31)
FNDA:30,(anonymous_32)
FNDA:4068,labelScore
FNDA:182,matchSpanInRow
FNDA:2480,(anonymous_35)
FNDA:6,(anonymous_36)
FNDA:6,findHeaderRow
FNDA:22,(anonymous_38)
FNDA:6,extractRecordTable
FNDA:3,(anonymous_40)
FNDA:8,(anonymous_41)
FNDA:8,(anonymous_42)
FNDA:6,extractGeneList
FNDA:6,(anonymous_44)
FNDA:0,(anonymous_45)
FNDA:3,extractAllFromWords
FNDA:3,findSampleHeaderRow
FNDA:8,(anonymous_48)
FNDA:3,extractSampleRows
DA:8,1
DA:22,1
DA:24,11
DA:28,5184
DA:36,5874
DA:37,5841
DA:38,5813
DA:39,4758
DA:40,4655
DA:41,4655
DA:47,32
DA:48,32
DA:49,26
DA:50,26
DA:51,26
DA:52,24
DA:55,1
DA:58,5
DA:59,6
DA:62,5
DA:63,5
DA:64,1
DA:65,1
DA:69,4
DA:70,4
DA:71,1
DA:72,1
DA:76,3
DA:77,27
DA:78,3
DA:79,1
DA:80,1
DA:81,1
DA:84,2
DA:88,4
DA:89,4
DA:90,3
DA:91,2
DA:95,50
DA:96,50
DA:98,32
DA:100,5
DA:102,4
DA:104,9
DA:106,0
DA:112,587
DA:113,121
DA:120,17
DA:121,121
DA:122,106
DA:124,17
DA:126,106
DA:127,15
DA:128,15
DA:130,15
DA:131,15
DA:132,15
DA:134,15
DA:135,106
DA:136,106
DA:137,81
DA:138,229
DA:140,51
DA:141,25
DA:142,25
DA:145,30
DA:146,15
DA:156,154
DA:157,154
DA:159,154
DA:160,352
DA:161,1001
DA:162,1958
DA:163,3223
DA:164,1958
DA:165,5874
DA:166,5874
DA:172,53
DA:187,154
DA:190,1
DA:191,27
DA:195,30
DA:196,26
DA:197,26
DA:198,8
DA:199,8
DA:200,8
DA:201,4
DA:203,26
DA:213,26
DA:214,26
DA:215,26
DA:216,796
DA:217,796
DA:218,648
DA:228,30
DA:229,30
DA:233,30
DA:234,30
DA:235,30
DA:237,30
DA:238,21
DA:245,30
DA:246,87
DA:247,28
DA:248,22
DA:249,22
DA:253,30
DA:263,11
DA:267,14
DA:268,14
DA:270,14
DA:271,154
DA:272,154
DA:274,30
DA:275,42
DA:276,33
DA:277,33
DA:278,21
DA:279,21
DA:280,21
DA:285,14
DA:293,1
DA:300,1
DA:305,1
DA:306,1
DA:310,1
DA:319,30
DA:328,4068
DA:329,4068
DA:330,4039
DA:331,3968
DA:340,182
DA:341,182
DA:342,182
DA:343,656
DA:344,1422
DA:345,2480
DA:346,1422
DA:347,4068
DA:348,4068
DA:354,38
DA:364,182
DA:367,1
DA:368,6
DA:369,6
DA:374,6
DA:375,6
DA:376,22
DA:377,22
DA:378,66
DA:379,66
DA:381,22
DA:382,2
DA:385,6
DA:394,6
DA:395,6
DA:397,2
DA:398,2
DA:400,2
DA:401,6
DA:403,4
DA:404,4
DA:405,13
DA:406,13
DA:407,13
DA:408,13
DA:409,42
DA:410,42
DA:411,28
DA:412,28
DA:415,13
DA:418,4
DA:419,4
DA:420,4
DA:421,12
DA:422,12
DA:423,12
DA:424,12
DA:427,4
DA:429,4
DA:430,2
DA:431,2
DA:433,4
DA:436,2
DA:439,1
DA:440,3
DA:443,8
DA:444,8
DA:453,6
DA:454,6
DA:455,22
DA:456,22
DA:458,6
DA:460,6
DA:461,3
DA:462,0
DA:463,0
DA:466,3
DA:476,3
DA:477,3
DA:479,3
DA:495,1
DA:498,3
DA:499,3
DA:500,8
DA:501,8
DA:502,8
DA:503,88
DA:504,88
DA:505,11
DA:506,11
DA:509,8
DA:513,2
DA:516,3
DA:525,3
DA:526,3
DA:527,3
DA:529,2
DA:530,2
DA:531,4
DA:532,4
DA:533,17
DA:534,17
DA:535,17
DA:536,17
DA:537,78
DA:538,78
DA:539,37
DA:540,37
DA:543,17
DA:546,4
DA:547,4
DA:548,18
DA:549,18
DA:550,17
DA:551,17
DA:552,17
DA:556,4
DA:557,3
DA:561,2
LF:241
LH:238
BRDA:28,0,0,5184
BRDA:28,0,1,0
BRDA:36,1,0,33
BRDA:36,1,1,5841
BRDA:36,2,0,5874
BRDA:36,2,1,5841
BRDA:37,3,0,28
BRDA:37,3,1,5813
BRDA:38,4,0,1055
BRDA:38,4,1,4758
BRDA:39,5,0,103
BRDA:39,5,1,4655
BRDA:39,6,0,4758
BRDA:39,6,1,4706
BRDA:41,7,0,1
BRDA:41,7,1,4654
BRDA:48,8,0,6
BRDA:48,8,1,26
BRDA:50,9,0,0
BRDA:50,9,1,26
BRDA:51,10,0,2
BRDA:51,10,1,24
BRDA:51,11,0,26
BRDA:51,11,1,26
BRDA:51,11,2,26
BRDA:63,12,0,1
BRDA:63,12,1,4
BRDA:65,13,0,1
BRDA:65,13,1,0
BRDA:65,14,0,1
BRDA:65,14,1,1
BRDA:65,14,2,1
BRDA:65,14,3,1
BRDA:70,15,0,1
BRDA:70,15,1,3
BRDA:72,16,0,1
BRDA:72,16,1,0
BRDA:72,17,0,1
BRDA:72,17,1,1
BRDA:72,17,2,1
BRDA:72,17,3,1
BRDA:78,18,0,1
BRDA:78,18,1,2
BRDA:81,19,0,1
BRDA:81,19,1,0
BRDA:81,20,0,1
BRDA:81,20,1,1
BRDA:89,21,0,1
BRDA:89,21,1,3
BRDA:90,22,0,1
BRDA:90,22,1,2
BRDA:90,23,0,3
BRDA:90,23,1,2
BRDA:95,24,0,0
BRDA:95,24,1,50
BRDA:95,25,0,50
BRDA:95,25,1,50
BRDA:96,26,0,32
BRDA:96,26,1,5
BRDA:96,26,2,4
BRDA:96,26,3,9
BRDA:96,26,4,0
BRDA:104,27,0,9
BRDA:104,27,1,0
BRDA:121,28,0,121
BRDA:121,28,1,121
BRDA:121,28,2,121
BRDA:124,29,0,2
BRDA:124,29,1,15
BRDA:127,30,0,15
BRDA:127,30,1,0
BRDA:136,31,0,81
BRDA:136,31,1,25
BRDA:161,32,0,2959
BRDA:161,32,1,2651
BRDA:166,33,0,53
BRDA:166,33,1,5821
BRDA:167,34,0,5874
BRDA:167,34,1,132
BRDA:167,34,2,102
BRDA:167,34,3,82
BRDA:167,34,4,29
BRDA:191,35,0,21
BRDA:191,35,1,0
BRDA:191,36,0,27
BRDA:191,36,1,1
BRDA:195,37,0,4
BRDA:195,37,1,26
BRDA:199,38,0,8
BRDA:199,38,1,0
BRDA:200,39,0,4
BRDA:200,39,1,4
BRDA:214,40,0,0
BRDA:214,40,1,26
BRDA:217,41,0,148
BRDA:217,41,1,648
BRDA:218,42,0,648
BRDA:218,42,1,644
BRDA:218,42,2,0
BRDA:237,43,0,21
BRDA:237,43,1,9
BRDA:237,44,0,30
BRDA:237,44,1,26
BRDA:246,45,0,87
BRDA:246,45,1,68
BRDA:247,46,0,22
BRDA:247,46,1,6
BRDA:263,47,0,11
BRDA:263,47,1,1
BRDA:272,48,0,124
BRDA:272,48,1,30
BRDA:277,49,0,21
BRDA:277,49,1,12
BRDA:277,50,0,33
BRDA:277,50,1,21
BRDA:277,50,2,21
BRDA:328,51,0,0
BRDA:328,51,1,4068
BRDA:328,52,0,4068
BRDA:328,52,1,4068
BRDA:329,53,0,29
BRDA:329,53,1,4039
BRDA:330,54,0,71
BRDA:330,54,1,3968
BRDA:330,55,0,4039
BRDA:330,55,1,3646
BRDA:343,56,0,2078
BRDA:343,56,1,1786
BRDA:348,57,0,38
BRDA:348,57,1,4030
BRDA:349,58,0,4068
BRDA:349,58,1,100
BRDA:349,58,2,78
BRDA:349,58,3,69
BRDA:349,58,4,30
BRDA:369,59,0,6
BRDA:369,59,1,2
BRDA:379,60,0,6
BRDA:379,60,1,60
BRDA:379,61,0,66
BRDA:379,61,1,6
BRDA:381,62,0,2
BRDA:381,62,1,20
BRDA:381,63,0,22
BRDA:381,63,1,2
BRDA:381,63,2,0
BRDA:395,64,0,4
BRDA:395,64,1,2
BRDA:401,65,0,2
BRDA:401,65,1,4
BRDA:401,66,0,6
BRDA:401,66,1,6
BRDA:410,67,0,28
BRDA:410,67,1,14
BRDA:415,68,0,13
BRDA:415,68,1,0
BRDA:421,69,0,12
BRDA:421,69,1,0
BRDA:422,70,0,12
BRDA:422,70,1,0
BRDA:427,71,0,0
BRDA:427,71,1,4
BRDA:429,72,0,2
BRDA:429,72,1,2
BRDA:431,73,0,2
BRDA:431,73,1,0
BRDA:444,74,0,8
BRDA:444,74,1,6
BRDA:444,74,2,5
BRDA:454,75,0,28
BRDA:454,75,1,22
BRDA:456,76,0,3
BRDA:456,76,1,19
BRDA:456,77,0,22
BRDA:456,77,1,3
BRDA:458,78,0,3
BRDA:458,78,1,3
BRDA:462,79,0,0
BRDA:462,79,1,0
BRDA:476,80,0,3
BRDA:476,80,1,0
BRDA:504,81,0,11
BRDA:504,81,1,77
BRDA:504,82,0,88
BRDA:504,82,1,11
BRDA:504,82,2,11
BRDA:509,83,0,2
BRDA:509,83,1,6
BRDA:510,84,0,8
BRDA:510,84,1,2
BRDA:510,84,2,0
BRDA:525,85,0,3
BRDA:525,85,1,0
BRDA:527,86,0,1
BRDA:527,86,1,2
BRDA:538,87,0,37
BRDA:538,87,1,41
BRDA:543,88,0,17
BRDA:543,88,1,0
BRDA:548,89,0,18
BRDA:548,89,1,1
BRDA:549,90,0,1
BRDA:549,90,1,17
BRDA:551,91,0,17
BRDA:551,91,1,0
BRDA:551,92,0,17
BRDA:551,92,1,17
BRDA:551,92,2,17
BRDA:556,93,0,3
BRDA:556,93,1,1
BRDA:556,94,0,4
BRDA:556,94,1,4
BRF:212
BRH:185
end_of_record
TN:
SF:middleware/auth.middleware.js
FN:9,requireAuth
FN:29,requireAdmin
FNF:2
FNH:2
FNDA:55,requireAuth
FNDA:3,requireAdmin
DA:3,6
DA:10,55
DA:12,55
DA:13,8
DA:16,47
DA:17,47
DA:18,46
DA:19,46
DA:21,1
DA:30,3
DA:31,2
DA:34,1
LF:12
LH:12
BRDA:3,0,0,6
BRDA:3,0,1,6
BRDA:12,1,0,8
BRDA:12,1,1,47
BRDA:30,2,0,2
BRDA:30,2,1,1
BRDA:30,3,0,3
BRDA:30,3,1,2
BRF:8
BRH:8
end_of_record
TN:
SF:routes/ai.routes.js
FN:70,resolveField
FN:80,parseLocalQuery
FN:111,(anonymous_2)
FN:138,parseWithGemini
FN:164,(anonymous_4)
FNF:5
FNH:4
FNDA:9,resolveField
FNDA:15,parseLocalQuery
FNDA:0,(anonymous_2)
FNDA:7,parseWithGemini
FNDA:22,(anonymous_4)
DA:3,1
DA:5,1
DA:32,1
DA:57,1
DA:60,1
DA:71,9
DA:72,9
DA:74,0
DA:75,0
DA:77,0
DA:81,15
DA:82,15
DA:85,15
DA:86,45
DA:87,4
DA:93,15
DA:102,15
DA:103,9
DA:104,9
DA:105,9
DA:107,9
DA:108,9
DA:111,9
DA:114,9
DA:115,9
DA:116,36
DA:120,9
DA:121,1
DA:122,1
DA:123,1
DA:125,8
DA:126,1
DA:128,7
DA:129,7
DA:130,7
DA:135,15
DA:139,7
DA:141,7
DA:154,6
DA:155,2
DA:156,2
DA:159,4
DA:160,4
DA:161,4
DA:164,1
DA:165,22
DA:166,22
DA:167,3
DA:170,19
DA:173,19
DA:174,7
DA:175,7
DA:176,4
DA:178,3
DA:183,15
DA:184,15
DA:185,13
DA:188,2
LF:58
LH:55
BRDA:72,0,0,9
BRDA:72,0,1,0
BRDA:75,1,0,0
BRDA:75,1,1,0
BRDA:86,2,0,4
BRDA:86,2,1,41
BRDA:104,3,0,9
BRDA:104,3,1,0
BRDA:108,4,0,0
BRDA:108,4,1,9
BRDA:111,5,0,0
BRDA:111,5,1,9
BRDA:111,6,0,9
BRDA:111,6,1,0
BRDA:116,7,0,9
BRDA:116,7,1,27
BRDA:120,8,0,1
BRDA:120,8,1,8
BRDA:122,9,0,1
BRDA:122,9,1,0
BRDA:122,10,0,1
BRDA:122,10,1,1
BRDA:125,11,0,1
BRDA:125,11,1,7
BRDA:126,12,0,0
BRDA:126,12,1,1
BRDA:129,13,0,7
BRDA:129,13,1,0
BRDA:154,14,0,2
BRDA:154,14,1,4
BRDA:166,15,0,3
BRDA:166,15,1,19
BRDA:166,16,0,22
BRDA:166,16,1,20
BRDA:173,17,0,7
BRDA:173,17,1,12
BRDA:184,18,0,13
BRDA:184,18,1,2
BRF:38
BRH:28
end_of_record
TN:
SF:routes/amr-findings.routes.js
FN:24,(anonymous_0)
FN:57,(anonymous_1)
FN:77,(anonymous_2)
FN:105,(anonymous_3)
FN:142,(anonymous_4)
FN:181,(anonymous_5)
FNF:6
FNH:6
FNDA:4,(anonymous_0)
FNDA:2,(anonymous_1)
FNDA:2,(anonymous_2)
FNDA:5,(anonymous_3)
FNDA:7,(anonymous_4)
FNDA:3,(anonymous_5)
DA:6,1
DA:9,1
DA:25,4
DA:26,4
DA:27,1
DA:30,3
DA:32,3
DA:33,3
DA:34,2
DA:35,1
DA:38,1
DA:48,1
DA:50,1
DA:51,1
DA:57,1
DA:58,2
DA:59,2
DA:60,1
DA:62,1
DA:63,1
DA:68,1
DA:78,2
DA:79,2
DA:80,0
DA:83,2
DA:84,2
DA:85,2
DA:89,1
DA:91,1
DA:92,1
DA:98,1
DA:106,5
DA:107,5
DA:108,2
DA:111,3
DA:112,3
DA:113,3
DA:117,2
DA:118,1
DA:120,1
DA:122,1
DA:123,1
DA:129,1
DA:143,7
DA:144,7
DA:145,0
DA:148,7
DA:149,7
DA:150,7
DA:151,7
DA:152,7
DA:153,7
DA:154,7
DA:156,7
DA:157,7
DA:161,5
DA:163,2
DA:164,1
DA:166,1
DA:167,1
DA:173,1
DA:182,3
DA:183,3
DA:184,0
DA:187,3
DA:188,3
DA:189,3
DA:190,1
DA:192,2
DA:193,1
DA:195,1
DA:196,1
LF:72
LH:69
BRDA:26,0,0,1
BRDA:26,0,1,3
BRDA:34,1,0,1
BRDA:34,1,1,1
BRDA:45,2,0,1
BRDA:45,2,1,0
BRDA:79,3,0,0
BRDA:79,3,1,2
BRDA:107,4,0,2
BRDA:107,4,1,3
BRDA:117,5,0,1
BRDA:117,5,1,1
BRDA:144,6,0,0
BRDA:144,6,1,7
BRDA:150,7,0,1
BRDA:150,7,1,6
BRDA:151,8,0,2
BRDA:151,8,1,5
BRDA:152,9,0,1
BRDA:152,9,1,6
BRDA:153,10,0,2
BRDA:153,10,1,5
BRDA:154,11,0,1
BRDA:154,11,1,6
BRDA:163,12,0,1
BRDA:163,12,1,1
BRDA:183,13,0,0
BRDA:183,13,1,3
BRDA:192,14,0,1
BRDA:192,14,1,1
BRF:30
BRH:26
end_of_record
TN:
SF:routes/samples.routes.js
FN:26,(anonymous_0)
FN:72,derivePredictedSirProfile
FN:75,(anonymous_2)
FN:78,(anonymous_3)
FN:84,(anonymous_4)
FN:89,(anonymous_5)
FN:116,(anonymous_6)
FN:153,(anonymous_7)
FN:193,(anonymous_8)
FN:229,(anonymous_9)
FNF:10
FNH:10
FNDA:5,(anonymous_0)
FNDA:5,derivePredictedSirProfile
FNDA:3,(anonymous_2)
FNDA:2,(anonymous_3)
FNDA:7,(anonymous_4)
FNDA:5,(anonymous_5)
FNDA:3,(anonymous_6)
FNDA:4,(anonymous_7)
FNDA:6,(anonymous_8)
FNDA:4,(anonymous_9)
DA:7,1
DA:11,1
DA:28,5
DA:29,5
DA:42,3
DA:44,3
DA:45,3
DA:60,2
DA:62,1
DA:63,1
DA:73,5
DA:75,3
DA:76,3
DA:78,2
DA:79,2
DA:81,1
DA:84,1
DA:85,7
DA:86,7
DA:89,6
DA:93,6
DA:95,1
DA:96,1
DA:102,1
DA:117,3
DA:118,3
DA:119,1
DA:122,2
DA:124,2
DA:126,2
DA:133,1
DA:140,1
DA:142,1
DA:143,1
DA:150,1
DA:155,4
DA:156,4
DA:158,4
DA:159,4
DA:160,4
DA:168,3
DA:169,1
DA:171,1
DA:172,1
DA:179,1
DA:195,6
DA:196,6
DA:198,5
DA:199,5
DA:200,5
DA:201,5
DA:202,5
DA:203,5
DA:204,5
DA:205,5
DA:206,5
DA:207,5
DA:208,5
DA:210,5
DA:211,5
DA:215,2
DA:217,3
DA:218,1
DA:219,1
DA:226,1
DA:231,4
DA:232,4
DA:234,4
DA:235,4
DA:236,4
DA:237,1
DA:239,3
DA:240,1
DA:241,1
LF:74
LH:74
BRDA:29,0,0,2
BRDA:29,0,1,3
BRDA:48,1,0,1
BRDA:48,1,1,2
BRDA:49,2,0,1
BRDA:49,2,1,2
BRDA:50,3,0,1
BRDA:50,3,1,2
BRDA:51,4,0,1
BRDA:51,4,1,2
BRDA:53,5,0,1
BRDA:53,5,1,2
BRDA:73,6,0,2
BRDA:73,6,1,3
BRDA:73,7,0,5
BRDA:73,7,1,4
BRDA:76,8,0,1
BRDA:76,8,1,2
BRDA:78,9,0,2
BRDA:78,9,1,1
BRDA:79,10,0,1
BRDA:79,10,1,1
BRDA:118,11,0,1
BRDA:118,11,1,2
BRDA:156,12,0,0
BRDA:156,12,1,4
BRDA:168,13,0,2
BRDA:168,13,1,1
BRDA:196,14,0,1
BRDA:196,14,1,5
BRDA:200,15,0,1
BRDA:200,15,1,4
BRDA:201,16,0,2
BRDA:201,16,1,3
BRDA:202,17,0,1
BRDA:202,17,1,4
BRDA:203,18,0,1
BRDA:203,18,1,4
BRDA:204,19,0,1
BRDA:204,19,1,4
BRDA:205,20,0,1
BRDA:205,20,1,4
BRDA:206,21,0,1
BRDA:206,21,1,4
BRDA:207,22,0,3
BRDA:207,22,1,2
BRDA:208,23,0,2
BRDA:208,23,1,3
BRDA:217,24,0,2
BRDA:217,24,1,1
BRDA:232,25,0,0
BRDA:232,25,1,4
BRDA:239,26,0,2
BRDA:239,26,1,1
BRF:54
BRH:52
end_of_record
